2017-08-09 10:34:33,571 INFO o.a.j.u.JMeterUtils: Setting Locale to en_US
2017-08-09 10:34:33,585 INFO o.a.j.JMeter: Loading user properties from: /usr/local/Cellar/jmeter/3.2/libexec/bin/user.properties
2017-08-09 10:34:33,586 INFO o.a.j.JMeter: Loading system properties from: /usr/local/Cellar/jmeter/3.2/libexec/bin/system.properties
2017-08-09 10:34:33,593 INFO o.a.j.JMeter: Copyright (c) 1998-2017 The Apache Software Foundation
2017-08-09 10:34:33,593 INFO o.a.j.JMeter: Version 3.2 r1790748
2017-08-09 10:34:33,593 INFO o.a.j.JMeter: java.version=1.8.0_102
2017-08-09 10:34:33,593 INFO o.a.j.JMeter: java.vm.name=Java HotSpot(TM) 64-Bit Server VM
2017-08-09 10:34:33,593 INFO o.a.j.JMeter: os.name=Mac OS X
2017-08-09 10:34:33,593 INFO o.a.j.JMeter: os.arch=x86_64
2017-08-09 10:34:33,593 INFO o.a.j.JMeter: os.version=10.12.6
2017-08-09 10:34:33,593 INFO o.a.j.JMeter: file.encoding=UTF-8
2017-08-09 10:34:33,593 INFO o.a.j.JMeter: Max memory     =536870912
2017-08-09 10:34:33,593 INFO o.a.j.JMeter: Available Processors =4
2017-08-09 10:34:33,598 INFO o.a.j.JMeter: Default Locale=English (United States)
2017-08-09 10:34:33,598 INFO o.a.j.JMeter: JMeter  Locale=English (United States)
2017-08-09 10:34:33,598 INFO o.a.j.JMeter: JMeterHome=/usr/local/Cellar/jmeter/3.2/libexec
2017-08-09 10:34:33,598 INFO o.a.j.JMeter: user.dir  =/Users/allanchua/Documents/workspace/BG-Test-Automation
2017-08-09 10:34:33,599 INFO o.a.j.JMeter: PWD       =/Users/allanchua/Documents/workspace/BG-Test-Automation
2017-08-09 10:34:33,600 INFO o.a.j.JMeter: IP: 10.201.24.116 Name: c02rt2n6fvh8.users.bah.com FullName: c02rt2n6fvh8.users.bah.com
2017-08-09 10:34:36,062 INFO o.a.j.g.a.LookAndFeelCommand: Using look and feel: com.apple.laf.AquaLookAndFeel [Mac OS X, System]
2017-08-09 10:34:36,070 INFO o.a.j.JMeter: Loaded icon properties from org/apache/jmeter/images/icon.properties
2017-08-09 10:34:36,882 INFO o.a.j.e.u.CompoundVariable: Note: Function class names must contain the string: '.functions.'
2017-08-09 10:34:36,882 INFO o.a.j.e.u.CompoundVariable: Note: Function class names must not contain the string: '.gui.'
2017-08-09 10:34:38,477 INFO o.a.j.g.u.MenuFactory: Skipping org.apache.jmeter.assertions.BSFAssertion
2017-08-09 10:34:39,316 INFO o.a.j.g.u.MenuFactory: Skipping org.apache.jmeter.extractor.BSFPostProcessor
2017-08-09 10:34:39,364 INFO o.a.j.g.u.MenuFactory: Skipping org.apache.jmeter.modifiers.BSFPreProcessor
2017-08-09 10:34:39,411 INFO o.a.j.p.h.s.HTTPSamplerBase: Parser for text/html is org.apache.jmeter.protocol.http.parser.LagartoBasedHtmlParser
2017-08-09 10:34:39,411 INFO o.a.j.p.h.s.HTTPSamplerBase: Parser for application/xhtml+xml is org.apache.jmeter.protocol.http.parser.LagartoBasedHtmlParser
2017-08-09 10:34:39,412 INFO o.a.j.p.h.s.HTTPSamplerBase: Parser for application/xml is org.apache.jmeter.protocol.http.parser.LagartoBasedHtmlParser
2017-08-09 10:34:39,412 INFO o.a.j.p.h.s.HTTPSamplerBase: Parser for text/xml is org.apache.jmeter.protocol.http.parser.LagartoBasedHtmlParser
2017-08-09 10:34:39,412 INFO o.a.j.p.h.s.HTTPSamplerBase: Parser for text/vnd.wap.wml is org.apache.jmeter.protocol.http.parser.RegexpHTMLParser
2017-08-09 10:34:39,412 INFO o.a.j.p.h.s.HTTPSamplerBase: Parser for text/css is org.apache.jmeter.protocol.http.parser.CssParser
2017-08-09 10:34:40,059 INFO o.a.j.e.KeyToolUtils: keytool found at 'keytool'
2017-08-09 10:34:40,060 INFO o.a.j.p.h.p.ProxyControl: HTTP(S) Test Script Recorder SSL Proxy will use keys that support embedded 3rd party resources in file /usr/local/Cellar/jmeter/3.2/libexec/bin/proxyserver.jks
2017-08-09 10:34:40,241 INFO o.a.j.g.u.MenuFactory: Skipping org.apache.jmeter.protocol.java.sampler.BSFSampler
2017-08-09 10:34:40,295 INFO o.a.j.s.FileServer: Default base='/Users/allanchua/Documents/workspace/BG-Test-Automation'
2017-08-09 10:34:40,419 INFO o.a.j.g.u.MenuFactory: Skipping org.apache.jmeter.protocol.mongodb.config.MongoSourceElement
2017-08-09 10:34:40,419 INFO o.a.j.g.u.MenuFactory: Skipping org.apache.jmeter.protocol.mongodb.sampler.MongoScriptSampler
2017-08-09 10:34:40,557 INFO o.a.j.g.u.MenuFactory: Skipping org.apache.jmeter.timers.BSFTimer
2017-08-09 10:34:40,593 INFO o.a.j.g.u.MenuFactory: Skipping org.apache.jmeter.visualizers.BSFListener
2017-08-09 10:34:40,777 INFO o.a.j.s.SampleResult: Note: Sample TimeStamps are START times
2017-08-09 10:34:40,777 INFO o.a.j.s.SampleResult: sampleresult.default.encoding is set to ISO-8859-1
2017-08-09 10:34:40,777 INFO o.a.j.s.SampleResult: sampleresult.useNanoTime=true
2017-08-09 10:34:40,777 INFO o.a.j.s.SampleResult: sampleresult.nanoThreadSleep=5000
2017-08-09 10:41:49,663 INFO o.a.j.s.FileServer: Set new base='/Users/allanchua/Documents/workspace'
2017-08-09 10:41:49,785 INFO o.a.j.s.SaveService: Testplan (JMX) version: 2.2. Testlog (JTL) version: 2.2
2017-08-09 10:41:49,799 INFO o.a.j.s.SaveService: Using SaveService properties file encoding UTF-8
2017-08-09 10:41:49,801 INFO o.a.j.s.SaveService: Using SaveService properties version 3.2
2017-08-09 10:41:49,824 INFO o.a.j.e.StandardJMeterEngine: Running the test!
2017-08-09 10:41:49,825 INFO o.a.j.s.SampleEvent: List of sample_variables: []
2017-08-09 10:41:49,825 INFO o.a.j.s.SampleEvent: List of sample_variables: []
2017-08-09 10:41:49,833 INFO o.a.j.g.u.JMeterMenuBar: setRunning(true, *local*)
2017-08-09 10:41:50,014 INFO o.a.j.e.StandardJMeterEngine: Starting ThreadGroup: 1 : BG_test
2017-08-09 10:41:50,015 INFO o.a.j.e.StandardJMeterEngine: Starting 5 threads for group BG_test.
2017-08-09 10:41:50,015 INFO o.a.j.e.StandardJMeterEngine: Thread will continue on error
2017-08-09 10:41:50,015 INFO o.a.j.t.ThreadGroup: Starting thread group... number=1 threads=5 ramp-up=1 perThread=200.0 delayedStart=false
2017-08-09 10:41:50,020 INFO o.a.j.t.JMeterThread: Thread started: BG_test 1-1
2017-08-09 10:41:50,022 INFO o.a.j.t.ThreadGroup: Started thread group number 1
2017-08-09 10:41:50,026 INFO o.a.j.e.StandardJMeterEngine: All thread groups have been started
2017-08-09 10:41:50,028 INFO o.a.j.t.JMeterThread: Thread is done: BG_test 1-1
2017-08-09 10:41:50,029 INFO o.a.j.t.JMeterThread: Thread finished: BG_test 1-1
2017-08-09 10:41:50,222 INFO o.a.j.t.JMeterThread: Thread started: BG_test 1-2
2017-08-09 10:41:50,223 INFO o.a.j.t.JMeterThread: Thread is done: BG_test 1-2
2017-08-09 10:41:50,223 INFO o.a.j.t.JMeterThread: Thread finished: BG_test 1-2
2017-08-09 10:41:50,422 INFO o.a.j.t.JMeterThread: Thread started: BG_test 1-3
2017-08-09 10:41:50,423 INFO o.a.j.t.JMeterThread: Thread is done: BG_test 1-3
2017-08-09 10:41:50,423 INFO o.a.j.t.JMeterThread: Thread finished: BG_test 1-3
2017-08-09 10:41:50,622 INFO o.a.j.t.JMeterThread: Thread started: BG_test 1-4
2017-08-09 10:41:50,623 INFO o.a.j.t.JMeterThread: Thread is done: BG_test 1-4
2017-08-09 10:41:50,623 INFO o.a.j.t.JMeterThread: Thread finished: BG_test 1-4
2017-08-09 10:41:50,823 INFO o.a.j.t.JMeterThread: Thread started: BG_test 1-5
2017-08-09 10:41:50,824 INFO o.a.j.t.JMeterThread: Thread is done: BG_test 1-5
2017-08-09 10:41:50,824 INFO o.a.j.t.JMeterThread: Thread finished: BG_test 1-5
2017-08-09 10:41:50,824 INFO o.a.j.e.StandardJMeterEngine: Notifying test listeners of end of test
2017-08-09 10:41:50,824 INFO o.a.j.g.u.JMeterMenuBar: setRunning(false, *local*)
2017-08-09 10:43:34,085 INFO o.a.j.e.StandardJMeterEngine: Running the test!
2017-08-09 10:43:34,086 INFO o.a.j.s.SampleEvent: List of sample_variables: []
2017-08-09 10:43:34,093 INFO o.a.j.g.u.JMeterMenuBar: setRunning(true, *local*)
2017-08-09 10:43:34,362 INFO o.a.j.e.StandardJMeterEngine: Starting ThreadGroup: 1 : BG_test
2017-08-09 10:43:34,362 INFO o.a.j.e.StandardJMeterEngine: Starting 5 threads for group BG_test.
2017-08-09 10:43:34,362 INFO o.a.j.e.StandardJMeterEngine: Thread will continue on error
2017-08-09 10:43:34,362 INFO o.a.j.t.ThreadGroup: Starting thread group... number=1 threads=5 ramp-up=1 perThread=200.0 delayedStart=false
2017-08-09 10:43:34,364 INFO o.a.j.t.JMeterThread: Thread started: BG_test 1-1
2017-08-09 10:43:34,370 INFO o.a.j.t.JMeterThread: Thread is done: BG_test 1-1
2017-08-09 10:43:34,371 INFO o.a.j.t.JMeterThread: Thread finished: BG_test 1-1
2017-08-09 10:43:34,373 INFO o.a.j.t.ThreadGroup: Started thread group number 1
2017-08-09 10:43:34,373 INFO o.a.j.e.StandardJMeterEngine: All thread groups have been started
2017-08-09 10:43:34,569 INFO o.a.j.t.JMeterThread: Thread started: BG_test 1-2
2017-08-09 10:43:34,569 INFO o.a.j.t.JMeterThread: Thread is done: BG_test 1-2
2017-08-09 10:43:34,569 INFO o.a.j.t.JMeterThread: Thread finished: BG_test 1-2
2017-08-09 10:43:34,775 INFO o.a.j.t.JMeterThread: Thread started: BG_test 1-3
2017-08-09 10:43:34,776 INFO o.a.j.t.JMeterThread: Thread is done: BG_test 1-3
2017-08-09 10:43:34,776 INFO o.a.j.t.JMeterThread: Thread finished: BG_test 1-3
2017-08-09 10:43:34,974 INFO o.a.j.t.JMeterThread: Thread started: BG_test 1-4
2017-08-09 10:43:34,976 INFO o.a.j.t.JMeterThread: Thread is done: BG_test 1-4
2017-08-09 10:43:34,976 INFO o.a.j.t.JMeterThread: Thread finished: BG_test 1-4
2017-08-09 10:43:35,175 INFO o.a.j.t.JMeterThread: Thread started: BG_test 1-5
2017-08-09 10:43:35,176 INFO o.a.j.t.JMeterThread: Thread is done: BG_test 1-5
2017-08-09 10:43:35,176 INFO o.a.j.t.JMeterThread: Thread finished: BG_test 1-5
2017-08-09 10:43:35,176 INFO o.a.j.e.StandardJMeterEngine: Notifying test listeners of end of test
2017-08-09 10:43:35,176 INFO o.a.j.g.u.JMeterMenuBar: setRunning(false, *local*)
2017-08-09 10:45:10,683 INFO o.a.j.e.StandardJMeterEngine: Running the test!
2017-08-09 10:45:10,684 INFO o.a.j.s.SampleEvent: List of sample_variables: []
2017-08-09 10:45:10,691 INFO o.a.j.g.u.JMeterMenuBar: setRunning(true, *local*)
2017-08-09 10:45:10,840 INFO o.a.j.e.StandardJMeterEngine: Starting ThreadGroup: 1 : BG_test
2017-08-09 10:45:10,840 INFO o.a.j.e.StandardJMeterEngine: Starting 5 threads for group BG_test.
2017-08-09 10:45:10,840 INFO o.a.j.e.StandardJMeterEngine: Thread will continue on error
2017-08-09 10:45:10,841 INFO o.a.j.t.ThreadGroup: Starting thread group... number=1 threads=5 ramp-up=1 perThread=200.0 delayedStart=false
2017-08-09 10:45:10,846 INFO o.a.j.t.JMeterThread: Thread started: BG_test 1-1
2017-08-09 10:45:10,855 INFO o.a.j.t.ThreadGroup: Started thread group number 1
2017-08-09 10:45:10,855 INFO o.a.j.e.StandardJMeterEngine: All thread groups have been started
2017-08-09 10:45:10,860 INFO o.a.j.t.JMeterThread: Thread is done: BG_test 1-1
2017-08-09 10:45:10,861 INFO o.a.j.t.JMeterThread: Thread finished: BG_test 1-1
2017-08-09 10:45:11,052 INFO o.a.j.t.JMeterThread: Thread started: BG_test 1-2
2017-08-09 10:45:11,053 INFO o.a.j.t.JMeterThread: Thread is done: BG_test 1-2
2017-08-09 10:45:11,053 INFO o.a.j.t.JMeterThread: Thread finished: BG_test 1-2
2017-08-09 10:45:11,255 INFO o.a.j.t.JMeterThread: Thread started: BG_test 1-3
2017-08-09 10:45:11,256 INFO o.a.j.t.JMeterThread: Thread is done: BG_test 1-3
2017-08-09 10:45:11,256 INFO o.a.j.t.JMeterThread: Thread finished: BG_test 1-3
2017-08-09 10:45:11,459 INFO o.a.j.t.JMeterThread: Thread started: BG_test 1-4
2017-08-09 10:45:11,460 INFO o.a.j.t.JMeterThread: Thread is done: BG_test 1-4
2017-08-09 10:45:11,460 INFO o.a.j.t.JMeterThread: Thread finished: BG_test 1-4
2017-08-09 10:45:11,658 INFO o.a.j.t.JMeterThread: Thread started: BG_test 1-5
2017-08-09 10:45:11,659 INFO o.a.j.t.JMeterThread: Thread is done: BG_test 1-5
2017-08-09 10:45:11,659 INFO o.a.j.t.JMeterThread: Thread finished: BG_test 1-5
2017-08-09 10:45:11,659 INFO o.a.j.e.StandardJMeterEngine: Notifying test listeners of end of test
2017-08-09 10:45:11,659 INFO o.a.j.g.u.JMeterMenuBar: setRunning(false, *local*)
2017-08-09 10:47:12,242 INFO o.a.j.e.StandardJMeterEngine: Running the test!
2017-08-09 10:47:12,245 INFO o.a.j.s.SampleEvent: List of sample_variables: []
2017-08-09 10:47:12,249 INFO o.a.j.g.u.JMeterMenuBar: setRunning(true, *local*)
2017-08-09 10:47:12,376 INFO o.a.j.e.StandardJMeterEngine: Starting ThreadGroup: 1 : BG_test
2017-08-09 10:47:12,376 INFO o.a.j.e.StandardJMeterEngine: Starting 5 threads for group BG_test.
2017-08-09 10:47:12,377 INFO o.a.j.e.StandardJMeterEngine: Thread will continue on error
2017-08-09 10:47:12,377 INFO o.a.j.t.ThreadGroup: Starting thread group... number=1 threads=5 ramp-up=1 perThread=200.0 delayedStart=false
2017-08-09 10:47:12,382 INFO o.a.j.t.JMeterThread: Thread started: BG_test 1-1
2017-08-09 10:47:12,384 INFO o.a.j.t.JMeterThread: Thread is done: BG_test 1-1
2017-08-09 10:47:12,384 INFO o.a.j.t.JMeterThread: Thread finished: BG_test 1-1
2017-08-09 10:47:12,385 INFO o.a.j.t.ThreadGroup: Started thread group number 1
2017-08-09 10:47:12,386 INFO o.a.j.e.StandardJMeterEngine: All thread groups have been started
2017-08-09 10:47:12,586 INFO o.a.j.t.JMeterThread: Thread started: BG_test 1-2
2017-08-09 10:47:12,587 INFO o.a.j.t.JMeterThread: Thread is done: BG_test 1-2
2017-08-09 10:47:12,587 INFO o.a.j.t.JMeterThread: Thread finished: BG_test 1-2
2017-08-09 10:47:12,786 INFO o.a.j.t.JMeterThread: Thread started: BG_test 1-3
2017-08-09 10:47:12,787 INFO o.a.j.t.JMeterThread: Thread is done: BG_test 1-3
2017-08-09 10:47:12,787 INFO o.a.j.t.JMeterThread: Thread finished: BG_test 1-3
2017-08-09 10:47:12,986 INFO o.a.j.t.JMeterThread: Thread started: BG_test 1-4
2017-08-09 10:47:12,987 INFO o.a.j.t.JMeterThread: Thread is done: BG_test 1-4
2017-08-09 10:47:12,987 INFO o.a.j.t.JMeterThread: Thread finished: BG_test 1-4
2017-08-09 10:47:13,190 INFO o.a.j.t.JMeterThread: Thread started: BG_test 1-5
2017-08-09 10:47:13,192 INFO o.a.j.t.JMeterThread: Thread is done: BG_test 1-5
2017-08-09 10:47:13,192 INFO o.a.j.t.JMeterThread: Thread finished: BG_test 1-5
2017-08-09 10:47:13,192 INFO o.a.j.e.StandardJMeterEngine: Notifying test listeners of end of test
2017-08-09 10:47:13,192 INFO o.a.j.g.u.JMeterMenuBar: setRunning(false, *local*)
2017-08-09 10:53:07,362 INFO o.a.j.e.StandardJMeterEngine: Running the test!
2017-08-09 10:53:07,365 INFO o.a.j.s.SampleEvent: List of sample_variables: []
2017-08-09 10:53:07,371 INFO o.a.j.g.u.JMeterMenuBar: setRunning(true, *local*)
2017-08-09 10:53:07,497 INFO o.a.j.e.StandardJMeterEngine: Starting ThreadGroup: 1 : BG_test
2017-08-09 10:53:07,497 INFO o.a.j.e.StandardJMeterEngine: Starting 10 threads for group BG_test.
2017-08-09 10:53:07,497 INFO o.a.j.e.StandardJMeterEngine: Thread will continue on error
2017-08-09 10:53:07,497 INFO o.a.j.t.ThreadGroup: Starting thread group... number=1 threads=10 ramp-up=1 perThread=100.0 delayedStart=false
2017-08-09 10:53:07,499 INFO o.a.j.t.JMeterThread: Thread started: BG_test 1-1
2017-08-09 10:53:07,501 INFO o.a.j.t.ThreadGroup: Started thread group number 1
2017-08-09 10:53:07,502 INFO o.a.j.e.StandardJMeterEngine: All thread groups have been started
2017-08-09 10:53:07,507 INFO o.a.j.t.JMeterThread: Thread is done: BG_test 1-1
2017-08-09 10:53:07,507 INFO o.a.j.t.JMeterThread: Thread finished: BG_test 1-1
2017-08-09 10:53:07,600 INFO o.a.j.t.JMeterThread: Thread started: BG_test 1-2
2017-08-09 10:53:07,600 INFO o.a.j.t.JMeterThread: Thread is done: BG_test 1-2
2017-08-09 10:53:07,600 INFO o.a.j.t.JMeterThread: Thread finished: BG_test 1-2
2017-08-09 10:53:07,701 INFO o.a.j.t.JMeterThread: Thread started: BG_test 1-3
2017-08-09 10:53:07,702 INFO o.a.j.t.JMeterThread: Thread is done: BG_test 1-3
2017-08-09 10:53:07,703 INFO o.a.j.t.JMeterThread: Thread finished: BG_test 1-3
2017-08-09 10:53:07,803 INFO o.a.j.t.JMeterThread: Thread started: BG_test 1-4
2017-08-09 10:53:07,804 INFO o.a.j.t.JMeterThread: Thread is done: BG_test 1-4
2017-08-09 10:53:07,804 INFO o.a.j.t.JMeterThread: Thread finished: BG_test 1-4
2017-08-09 10:53:07,904 INFO o.a.j.t.JMeterThread: Thread started: BG_test 1-5
2017-08-09 10:53:07,905 INFO o.a.j.t.JMeterThread: Thread is done: BG_test 1-5
2017-08-09 10:53:07,905 INFO o.a.j.t.JMeterThread: Thread finished: BG_test 1-5
2017-08-09 10:53:08,000 INFO o.a.j.t.JMeterThread: Thread started: BG_test 1-6
2017-08-09 10:53:08,001 INFO o.a.j.t.JMeterThread: Thread is done: BG_test 1-6
2017-08-09 10:53:08,002 INFO o.a.j.t.JMeterThread: Thread finished: BG_test 1-6
2017-08-09 10:53:08,102 INFO o.a.j.t.JMeterThread: Thread started: BG_test 1-7
2017-08-09 10:53:08,103 INFO o.a.j.t.JMeterThread: Thread is done: BG_test 1-7
2017-08-09 10:53:08,103 INFO o.a.j.t.JMeterThread: Thread finished: BG_test 1-7
2017-08-09 10:53:08,204 INFO o.a.j.t.JMeterThread: Thread started: BG_test 1-8
2017-08-09 10:53:08,205 INFO o.a.j.t.JMeterThread: Thread is done: BG_test 1-8
2017-08-09 10:53:08,205 INFO o.a.j.t.JMeterThread: Thread finished: BG_test 1-8
2017-08-09 10:53:08,304 INFO o.a.j.t.JMeterThread: Thread started: BG_test 1-9
2017-08-09 10:53:08,304 INFO o.a.j.t.JMeterThread: Thread is done: BG_test 1-9
2017-08-09 10:53:08,305 INFO o.a.j.t.JMeterThread: Thread finished: BG_test 1-9
2017-08-09 10:53:08,403 INFO o.a.j.t.JMeterThread: Thread started: BG_test 1-10
2017-08-09 10:53:08,404 INFO o.a.j.t.JMeterThread: Thread is done: BG_test 1-10
2017-08-09 10:53:08,404 INFO o.a.j.t.JMeterThread: Thread finished: BG_test 1-10
2017-08-09 10:53:08,404 INFO o.a.j.e.StandardJMeterEngine: Notifying test listeners of end of test
2017-08-09 10:53:08,404 INFO o.a.j.g.u.JMeterMenuBar: setRunning(false, *local*)
2017-08-09 11:33:10,270 INFO o.a.j.e.StandardJMeterEngine: Running the test!
2017-08-09 11:33:10,275 INFO o.a.j.s.SampleEvent: List of sample_variables: []
2017-08-09 11:33:10,281 INFO o.a.j.g.u.JMeterMenuBar: setRunning(true, *local*)
2017-08-09 11:33:10,494 INFO o.a.j.e.StandardJMeterEngine: Starting ThreadGroup: 1 : BG_test
2017-08-09 11:33:10,495 INFO o.a.j.e.StandardJMeterEngine: Starting 10 threads for group BG_test.
2017-08-09 11:33:10,495 INFO o.a.j.e.StandardJMeterEngine: Thread will continue on error
2017-08-09 11:33:10,495 INFO o.a.j.t.ThreadGroup: Starting thread group... number=1 threads=10 ramp-up=1 perThread=100.0 delayedStart=false
2017-08-09 11:33:10,498 INFO o.a.j.t.JMeterThread: Thread started: BG_test 1-1
2017-08-09 11:33:10,517 INFO o.a.j.t.ThreadGroup: Started thread group number 1
2017-08-09 11:33:10,520 INFO o.a.j.e.StandardJMeterEngine: All thread groups have been started
2017-08-09 11:33:10,533 INFO o.a.j.p.h.s.HTTPHCAbstractImpl: Local host = c02rt2n6fvh8.users.bah.com
2017-08-09 11:33:10,538 INFO o.a.j.p.h.s.HTTPHC4Impl: HTTP request retry count = 0
2017-08-09 11:33:10,603 INFO o.a.j.t.JMeterThread: Thread started: BG_test 1-2
2017-08-09 11:33:10,705 INFO o.a.j.t.JMeterThread: Thread started: BG_test 1-3
2017-08-09 11:33:10,730 INFO o.a.j.p.h.s.LazySchemeSocketFactory: Setting up HTTPS TrustAll Socket Factory
2017-08-09 11:33:10,737 INFO o.a.j.u.JsseSSLManager: Using default SSL protocol: TLS
2017-08-09 11:33:10,737 INFO o.a.j.u.JsseSSLManager: SSL session context: per-thread
2017-08-09 11:33:10,808 INFO o.a.j.t.JMeterThread: Thread started: BG_test 1-4
2017-08-09 11:33:10,836 INFO o.a.j.u.SSLManager: JmeterKeyStore Location:  type JKS
2017-08-09 11:33:10,837 INFO o.a.j.u.SSLManager: KeyStore created OK
2017-08-09 11:33:10,837 WARN o.a.j.u.SSLManager: Keystore file not found, loading empty keystore
2017-08-09 11:33:10,910 INFO o.a.j.t.JMeterThread: Thread started: BG_test 1-5
2017-08-09 11:33:11,014 INFO o.a.j.t.JMeterThread: Thread started: BG_test 1-6
2017-08-09 11:33:11,120 INFO o.a.j.t.JMeterThread: Thread started: BG_test 1-7
2017-08-09 11:33:11,216 INFO o.a.j.t.JMeterThread: Thread started: BG_test 1-8
2017-08-09 11:33:11,318 INFO o.a.j.t.JMeterThread: Thread started: BG_test 1-9
2017-08-09 11:33:11,422 INFO o.a.j.t.JMeterThread: Thread started: BG_test 1-10
2017-08-09 11:33:11,467 INFO o.a.j.t.JMeterThread: Thread is done: BG_test 1-3
2017-08-09 11:33:11,467 INFO o.a.j.t.JMeterThread: Thread finished: BG_test 1-3
2017-08-09 11:33:11,499 INFO o.a.j.t.JMeterThread: Thread is done: BG_test 1-2
2017-08-09 11:33:11,499 INFO o.a.j.t.JMeterThread: Thread finished: BG_test 1-2
2017-08-09 11:33:11,530 INFO o.a.j.t.JMeterThread: Thread is done: BG_test 1-1
2017-08-09 11:33:11,530 INFO o.a.j.t.JMeterThread: Thread is done: BG_test 1-4
2017-08-09 11:33:11,530 INFO o.a.j.t.JMeterThread: Thread finished: BG_test 1-1
2017-08-09 11:33:11,530 INFO o.a.j.t.JMeterThread: Thread finished: BG_test 1-4
2017-08-09 11:33:11,531 INFO o.a.j.t.JMeterThread: Thread is done: BG_test 1-5
2017-08-09 11:33:11,531 INFO o.a.j.t.JMeterThread: Thread finished: BG_test 1-5
2017-08-09 11:33:11,532 INFO o.a.j.t.JMeterThread: Thread is done: BG_test 1-6
2017-08-09 11:33:11,532 INFO o.a.j.t.JMeterThread: Thread finished: BG_test 1-6
2017-08-09 11:33:11,670 INFO o.a.j.t.JMeterThread: Thread is done: BG_test 1-7
2017-08-09 11:33:11,671 INFO o.a.j.t.JMeterThread: Thread finished: BG_test 1-7
2017-08-09 11:33:11,881 INFO o.a.j.t.JMeterThread: Thread is done: BG_test 1-8
2017-08-09 11:33:11,881 INFO o.a.j.t.JMeterThread: Thread finished: BG_test 1-8
2017-08-09 11:33:11,940 INFO o.a.j.t.JMeterThread: Thread is done: BG_test 1-9
2017-08-09 11:33:11,940 INFO o.a.j.t.JMeterThread: Thread finished: BG_test 1-9
2017-08-09 11:33:11,977 INFO o.a.j.t.JMeterThread: Thread is done: BG_test 1-10
2017-08-09 11:33:11,977 INFO o.a.j.t.JMeterThread: Thread finished: BG_test 1-10
2017-08-09 11:33:11,977 INFO o.a.j.e.StandardJMeterEngine: Notifying test listeners of end of test
2017-08-09 11:33:11,978 INFO o.a.j.g.u.JMeterMenuBar: setRunning(false, *local*)
2017-08-09 11:53:29,223 INFO o.a.j.e.StandardJMeterEngine: Running the test!
2017-08-09 11:53:29,223 INFO o.a.j.s.SampleEvent: List of sample_variables: []
2017-08-09 11:53:29,225 INFO o.a.j.g.u.JMeterMenuBar: setRunning(true, *local*)
2017-08-09 11:53:29,367 INFO o.a.j.e.StandardJMeterEngine: Starting ThreadGroup: 1 : BG_test
2017-08-09 11:53:29,368 INFO o.a.j.e.StandardJMeterEngine: Starting 100 threads for group BG_test.
2017-08-09 11:53:29,368 INFO o.a.j.e.StandardJMeterEngine: Thread will continue on error
2017-08-09 11:53:29,369 INFO o.a.j.t.ThreadGroup: Starting thread group... number=1 threads=100 ramp-up=30 perThread=300.0 delayedStart=false
2017-08-09 11:53:29,372 INFO o.a.j.t.JMeterThread: Thread started: BG_test 1-1
2017-08-09 11:53:29,423 INFO o.a.j.t.ThreadGroup: Started thread group number 1
2017-08-09 11:53:29,423 INFO o.a.j.e.StandardJMeterEngine: All thread groups have been started
2017-08-09 11:53:29,674 INFO o.a.j.t.JMeterThread: Thread started: BG_test 1-2
2017-08-09 11:53:29,976 INFO o.a.j.t.JMeterThread: Thread started: BG_test 1-3
2017-08-09 11:53:30,277 INFO o.a.j.t.JMeterThread: Thread started: BG_test 1-4
2017-08-09 11:53:30,576 INFO o.a.j.t.JMeterThread: Thread started: BG_test 1-5
2017-08-09 11:53:30,878 INFO o.a.j.t.JMeterThread: Thread started: BG_test 1-6
2017-08-09 11:53:31,178 INFO o.a.j.t.JMeterThread: Thread started: BG_test 1-7
2017-08-09 11:53:31,479 INFO o.a.j.t.JMeterThread: Thread started: BG_test 1-8
2017-08-09 11:53:31,777 INFO o.a.j.t.JMeterThread: Thread started: BG_test 1-9
2017-08-09 11:53:32,083 INFO o.a.j.t.JMeterThread: Thread started: BG_test 1-10
2017-08-09 11:53:32,382 INFO o.a.j.t.JMeterThread: Thread started: BG_test 1-11
2017-08-09 11:53:32,679 INFO o.a.j.t.JMeterThread: Thread started: BG_test 1-12
2017-08-09 11:53:32,985 INFO o.a.j.t.JMeterThread: Thread started: BG_test 1-13
2017-08-09 11:53:33,283 INFO o.a.j.t.JMeterThread: Thread started: BG_test 1-14
2017-08-09 11:53:33,581 INFO o.a.j.t.JMeterThread: Thread started: BG_test 1-15
2017-08-09 11:53:33,881 INFO o.a.j.t.JMeterThread: Thread started: BG_test 1-16
2017-08-09 11:53:34,186 INFO o.a.j.t.JMeterThread: Thread started: BG_test 1-17
2017-08-09 11:53:34,482 INFO o.a.j.t.JMeterThread: Thread started: BG_test 1-18
2017-08-09 11:53:34,782 INFO o.a.j.t.JMeterThread: Thread started: BG_test 1-19
2017-08-09 11:53:35,082 INFO o.a.j.t.JMeterThread: Thread started: BG_test 1-20
2017-08-09 11:53:35,384 INFO o.a.j.t.JMeterThread: Thread started: BG_test 1-21
2017-08-09 11:53:35,682 INFO o.a.j.t.JMeterThread: Thread started: BG_test 1-22
2017-08-09 11:53:35,988 INFO o.a.j.t.JMeterThread: Thread started: BG_test 1-23
2017-08-09 11:53:36,284 INFO o.a.j.t.JMeterThread: Thread started: BG_test 1-24
2017-08-09 11:53:36,585 INFO o.a.j.t.JMeterThread: Thread started: BG_test 1-25
2017-08-09 11:53:36,886 INFO o.a.j.t.JMeterThread: Thread started: BG_test 1-26
2017-08-09 11:53:37,189 INFO o.a.j.t.JMeterThread: Thread started: BG_test 1-27
2017-08-09 11:53:37,490 INFO o.a.j.t.JMeterThread: Thread started: BG_test 1-28
2017-08-09 11:53:37,789 INFO o.a.j.t.JMeterThread: Thread started: BG_test 1-29
2017-08-09 11:53:38,089 INFO o.a.j.t.JMeterThread: Thread started: BG_test 1-30
2017-08-09 11:53:38,389 INFO o.a.j.t.JMeterThread: Thread started: BG_test 1-31
2017-08-09 11:53:38,689 INFO o.a.j.t.JMeterThread: Thread started: BG_test 1-32
2017-08-09 11:53:38,993 INFO o.a.j.t.JMeterThread: Thread started: BG_test 1-33
2017-08-09 11:53:39,289 INFO o.a.j.t.JMeterThread: Thread started: BG_test 1-34
2017-08-09 11:53:39,594 INFO o.a.j.t.JMeterThread: Thread started: BG_test 1-35
2017-08-09 11:53:39,892 INFO o.a.j.t.JMeterThread: Thread started: BG_test 1-36
2017-08-09 11:53:40,193 INFO o.a.j.t.JMeterThread: Thread started: BG_test 1-37
2017-08-09 11:53:40,494 INFO o.a.j.t.JMeterThread: Thread started: BG_test 1-38
2017-08-09 11:53:40,794 INFO o.a.j.t.JMeterThread: Thread started: BG_test 1-39
2017-08-09 11:53:41,098 INFO o.a.j.t.JMeterThread: Thread started: BG_test 1-40
2017-08-09 11:53:41,398 INFO o.a.j.t.JMeterThread: Thread started: BG_test 1-41
2017-08-09 11:53:41,699 INFO o.a.j.t.JMeterThread: Thread started: BG_test 1-42
2017-08-09 11:53:41,996 INFO o.a.j.t.JMeterThread: Thread started: BG_test 1-43
2017-08-09 11:53:42,296 INFO o.a.j.t.JMeterThread: Thread started: BG_test 1-44
2017-08-09 11:53:42,597 INFO o.a.j.t.JMeterThread: Thread started: BG_test 1-45
2017-08-09 11:53:42,898 INFO o.a.j.t.JMeterThread: Thread started: BG_test 1-46
2017-08-09 11:53:43,197 INFO o.a.j.t.JMeterThread: Thread started: BG_test 1-47
2017-08-09 11:53:43,500 INFO o.a.j.t.JMeterThread: Thread started: BG_test 1-48
2017-08-09 11:53:43,797 INFO o.a.j.t.JMeterThread: Thread started: BG_test 1-49
2017-08-09 11:53:44,101 INFO o.a.j.t.JMeterThread: Thread started: BG_test 1-50
2017-08-09 11:53:44,402 INFO o.a.j.t.JMeterThread: Thread started: BG_test 1-51
2017-08-09 11:53:44,699 INFO o.a.j.t.JMeterThread: Thread started: BG_test 1-52
2017-08-09 11:53:45,000 INFO o.a.j.t.JMeterThread: Thread started: BG_test 1-53
2017-08-09 11:53:45,300 INFO o.a.j.t.JMeterThread: Thread started: BG_test 1-54
2017-08-09 11:53:45,603 INFO o.a.j.t.JMeterThread: Thread started: BG_test 1-55
2017-08-09 11:53:45,900 INFO o.a.j.t.JMeterThread: Thread started: BG_test 1-56
2017-08-09 11:53:46,199 INFO o.a.j.t.JMeterThread: Thread started: BG_test 1-57
2017-08-09 11:53:46,502 INFO o.a.j.t.JMeterThread: Thread started: BG_test 1-58
2017-08-09 11:53:46,802 INFO o.a.j.t.JMeterThread: Thread started: BG_test 1-59
2017-08-09 11:53:47,099 INFO o.a.j.t.JMeterThread: Thread started: BG_test 1-60
2017-08-09 11:53:47,398 INFO o.a.j.t.JMeterThread: Thread started: BG_test 1-61
2017-08-09 11:53:47,701 INFO o.a.j.t.JMeterThread: Thread started: BG_test 1-62
2017-08-09 11:53:48,003 INFO o.a.j.t.JMeterThread: Thread started: BG_test 1-63
2017-08-09 11:53:48,301 INFO o.a.j.t.JMeterThread: Thread started: BG_test 1-64
2017-08-09 11:53:48,605 INFO o.a.j.t.JMeterThread: Thread started: BG_test 1-65
2017-08-09 11:53:48,904 INFO o.a.j.t.JMeterThread: Thread started: BG_test 1-66
2017-08-09 11:53:49,207 INFO o.a.j.t.JMeterThread: Thread started: BG_test 1-67
2017-08-09 11:53:49,506 INFO o.a.j.t.JMeterThread: Thread started: BG_test 1-68
2017-08-09 11:53:49,826 INFO o.a.j.t.JMeterThread: Thread started: BG_test 1-69
2017-08-09 11:53:50,106 INFO o.a.j.t.JMeterThread: Thread started: BG_test 1-70
2017-08-09 11:53:50,406 INFO o.a.j.t.JMeterThread: Thread started: BG_test 1-71
2017-08-09 11:53:50,708 INFO o.a.j.t.JMeterThread: Thread started: BG_test 1-72
2017-08-09 11:53:51,007 INFO o.a.j.t.JMeterThread: Thread started: BG_test 1-73
2017-08-09 11:53:51,306 INFO o.a.j.t.JMeterThread: Thread started: BG_test 1-74
2017-08-09 11:53:51,609 INFO o.a.j.t.JMeterThread: Thread started: BG_test 1-75
2017-08-09 11:53:51,907 INFO o.a.j.t.JMeterThread: Thread started: BG_test 1-76
2017-08-09 11:53:52,208 INFO o.a.j.t.JMeterThread: Thread started: BG_test 1-77
2017-08-09 11:53:52,512 INFO o.a.j.t.JMeterThread: Thread started: BG_test 1-78
2017-08-09 11:53:52,812 INFO o.a.j.t.JMeterThread: Thread started: BG_test 1-79
2017-08-09 11:53:53,112 INFO o.a.j.t.JMeterThread: Thread started: BG_test 1-80
2017-08-09 11:53:53,414 INFO o.a.j.t.JMeterThread: Thread started: BG_test 1-81
2017-08-09 11:53:53,713 INFO o.a.j.t.JMeterThread: Thread started: BG_test 1-82
2017-08-09 11:53:54,016 INFO o.a.j.t.JMeterThread: Thread started: BG_test 1-83
2017-08-09 11:53:54,313 INFO o.a.j.t.JMeterThread: Thread started: BG_test 1-84
2017-08-09 11:53:54,617 INFO o.a.j.t.JMeterThread: Thread started: BG_test 1-85
2017-08-09 11:53:54,917 INFO o.a.j.t.JMeterThread: Thread started: BG_test 1-86
2017-08-09 11:53:55,213 INFO o.a.j.t.JMeterThread: Thread started: BG_test 1-87
2017-08-09 11:53:55,517 INFO o.a.j.t.JMeterThread: Thread started: BG_test 1-88
2017-08-09 11:53:55,817 INFO o.a.j.t.JMeterThread: Thread started: BG_test 1-89
2017-08-09 11:53:56,118 INFO o.a.j.t.JMeterThread: Thread started: BG_test 1-90
2017-08-09 11:53:56,418 INFO o.a.j.t.JMeterThread: Thread started: BG_test 1-91
2017-08-09 11:53:56,717 INFO o.a.j.t.JMeterThread: Thread started: BG_test 1-92
2017-08-09 11:53:57,018 INFO o.a.j.t.JMeterThread: Thread started: BG_test 1-93
2017-08-09 11:53:57,323 INFO o.a.j.t.JMeterThread: Thread started: BG_test 1-94
2017-08-09 11:53:57,624 INFO o.a.j.t.JMeterThread: Thread started: BG_test 1-95
2017-08-09 11:53:57,926 INFO o.a.j.t.JMeterThread: Thread started: BG_test 1-96
2017-08-09 11:53:58,223 INFO o.a.j.t.JMeterThread: Thread started: BG_test 1-97
2017-08-09 11:53:58,523 INFO o.a.j.t.JMeterThread: Thread started: BG_test 1-98
2017-08-09 11:53:58,829 INFO o.a.j.t.JMeterThread: Thread started: BG_test 1-99
2017-08-09 11:53:59,127 INFO o.a.j.t.JMeterThread: Thread started: BG_test 1-100
2017-08-09 11:54:29,378 INFO o.a.j.t.JMeterThread: Stopping because end time detected by thread: BG_test 1-47
2017-08-09 11:54:29,378 INFO o.a.j.t.JMeterThread: Thread finished: BG_test 1-47
2017-08-09 11:54:29,378 INFO o.a.j.t.JMeterThread: Stopping because end time detected by thread: BG_test 1-38
2017-08-09 11:54:29,378 INFO o.a.j.t.JMeterThread: Thread finished: BG_test 1-38
2017-08-09 11:54:29,378 INFO o.a.j.t.JMeterThread: Stopping because end time detected by thread: BG_test 1-6
2017-08-09 11:54:29,383 INFO o.a.j.t.JMeterThread: Stopping because end time detected by thread: BG_test 1-81
2017-08-09 11:54:29,383 INFO o.a.j.t.JMeterThread: Stopping because end time detected by thread: BG_test 1-32
2017-08-09 11:54:29,383 INFO o.a.j.t.JMeterThread: Thread finished: BG_test 1-81
2017-08-09 11:54:29,383 INFO o.a.j.t.JMeterThread: Thread finished: BG_test 1-32
2017-08-09 11:54:29,384 INFO o.a.j.t.JMeterThread: Stopping because end time detected by thread: BG_test 1-8
2017-08-09 11:54:29,384 INFO o.a.j.t.JMeterThread: Thread finished: BG_test 1-8
2017-08-09 11:54:29,387 INFO o.a.j.t.JMeterThread: Thread finished: BG_test 1-6
2017-08-09 11:54:29,387 INFO o.a.j.t.JMeterThread: Stopping because end time detected by thread: BG_test 1-91
2017-08-09 11:54:29,387 INFO o.a.j.t.JMeterThread: Thread finished: BG_test 1-91
2017-08-09 11:54:29,390 INFO o.a.j.t.JMeterThread: Stopping because end time detected by thread: BG_test 1-80
2017-08-09 11:54:29,392 INFO o.a.j.t.JMeterThread: Stopping because end time detected by thread: BG_test 1-26
2017-08-09 11:54:29,392 INFO o.a.j.t.JMeterThread: Thread finished: BG_test 1-80
2017-08-09 11:54:29,392 INFO o.a.j.t.JMeterThread: Thread finished: BG_test 1-26
2017-08-09 11:54:29,392 INFO o.a.j.t.JMeterThread: Stopping because end time detected by thread: BG_test 1-83
2017-08-09 11:54:29,392 INFO o.a.j.t.JMeterThread: Thread finished: BG_test 1-83
2017-08-09 11:54:29,394 INFO o.a.j.t.JMeterThread: Stopping because end time detected by thread: BG_test 1-59
2017-08-09 11:54:29,394 INFO o.a.j.t.JMeterThread: Thread finished: BG_test 1-59
2017-08-09 11:54:29,396 INFO o.a.j.t.JMeterThread: Stopping because end time detected by thread: BG_test 1-1
2017-08-09 11:54:29,396 INFO o.a.j.t.JMeterThread: Stopping because end time detected by thread: BG_test 1-58
2017-08-09 11:54:29,396 INFO o.a.j.t.JMeterThread: Thread finished: BG_test 1-1
2017-08-09 11:54:29,396 INFO o.a.j.t.JMeterThread: Thread finished: BG_test 1-58
2017-08-09 11:54:29,411 INFO o.a.j.t.JMeterThread: Stopping because end time detected by thread: BG_test 1-61
2017-08-09 11:54:29,412 INFO o.a.j.t.JMeterThread: Thread finished: BG_test 1-61
2017-08-09 11:54:29,421 INFO o.a.j.t.JMeterThread: Stopping because end time detected by thread: BG_test 1-25
2017-08-09 11:54:29,421 INFO o.a.j.t.JMeterThread: Thread finished: BG_test 1-25
2017-08-09 11:54:29,468 INFO o.a.j.t.JMeterThread: Stopping because end time detected by thread: BG_test 1-94
2017-08-09 11:54:29,468 INFO o.a.j.t.JMeterThread: Thread finished: BG_test 1-94
2017-08-09 11:54:29,469 INFO o.a.j.t.JMeterThread: Stopping because end time detected by thread: BG_test 1-92
2017-08-09 11:54:29,471 INFO o.a.j.t.JMeterThread: Thread finished: BG_test 1-92
2017-08-09 11:54:29,617 INFO o.a.j.t.JMeterThread: Stopping because end time detected by thread: BG_test 1-15
2017-08-09 11:54:29,618 INFO o.a.j.t.JMeterThread: Thread finished: BG_test 1-15
2017-08-09 11:54:29,629 INFO o.a.j.t.JMeterThread: Stopping because end time detected by thread: BG_test 1-60
2017-08-09 11:54:29,629 INFO o.a.j.t.JMeterThread: Stopping because end time detected by thread: BG_test 1-43
2017-08-09 11:54:29,629 INFO o.a.j.t.JMeterThread: Thread finished: BG_test 1-60
2017-08-09 11:54:29,630 INFO o.a.j.t.JMeterThread: Thread finished: BG_test 1-43
2017-08-09 11:54:29,669 INFO o.a.j.t.JMeterThread: Stopping because end time detected by thread: BG_test 1-2
2017-08-09 11:54:29,669 INFO o.a.j.t.JMeterThread: Thread finished: BG_test 1-2
2017-08-09 11:54:29,669 INFO o.a.j.t.JMeterThread: Stopping because end time detected by thread: BG_test 1-7
2017-08-09 11:54:29,669 INFO o.a.j.t.JMeterThread: Stopping because end time detected by thread: BG_test 1-48
2017-08-09 11:54:29,669 INFO o.a.j.t.JMeterThread: Thread finished: BG_test 1-7
2017-08-09 11:54:29,669 INFO o.a.j.t.JMeterThread: Thread finished: BG_test 1-48
2017-08-09 11:54:29,669 INFO o.a.j.t.JMeterThread: Stopping because end time detected by thread: BG_test 1-18
2017-08-09 11:54:29,670 INFO o.a.j.t.JMeterThread: Thread finished: BG_test 1-18
2017-08-09 11:54:29,671 INFO o.a.j.t.JMeterThread: Stopping because end time detected by thread: BG_test 1-70
2017-08-09 11:54:29,671 INFO o.a.j.t.JMeterThread: Thread finished: BG_test 1-70
2017-08-09 11:54:29,709 INFO o.a.j.t.JMeterThread: Stopping because end time detected by thread: BG_test 1-31
2017-08-09 11:54:29,709 INFO o.a.j.t.JMeterThread: Thread finished: BG_test 1-31
2017-08-09 11:54:29,760 INFO o.a.j.t.JMeterThread: Stopping because end time detected by thread: BG_test 1-86
2017-08-09 11:54:29,760 INFO o.a.j.t.JMeterThread: Thread finished: BG_test 1-86
2017-08-09 11:54:30,014 INFO o.a.j.t.JMeterThread: Stopping because end time detected by thread: BG_test 1-11
2017-08-09 11:54:30,015 INFO o.a.j.t.JMeterThread: Thread finished: BG_test 1-11
2017-08-09 11:54:30,333 INFO o.a.j.t.JMeterThread: Stopping because end time detected by thread: BG_test 1-84
2017-08-09 11:54:30,333 INFO o.a.j.t.JMeterThread: Thread finished: BG_test 1-84
2017-08-09 11:54:30,334 INFO o.a.j.t.JMeterThread: Stopping because end time detected by thread: BG_test 1-55
2017-08-09 11:54:30,334 INFO o.a.j.t.JMeterThread: Thread finished: BG_test 1-55
2017-08-09 11:54:30,642 INFO o.a.j.t.JMeterThread: Stopping because end time detected by thread: BG_test 1-100
2017-08-09 11:54:30,642 INFO o.a.j.t.JMeterThread: Thread finished: BG_test 1-100
2017-08-09 11:54:30,873 INFO o.a.j.t.JMeterThread: Stopping because end time detected by thread: BG_test 1-72
2017-08-09 11:54:30,873 INFO o.a.j.t.JMeterThread: Thread finished: BG_test 1-72
2017-08-09 11:54:30,920 INFO o.a.j.t.JMeterThread: Stopping because end time detected by thread: BG_test 1-42
2017-08-09 11:54:30,920 INFO o.a.j.t.JMeterThread: Thread finished: BG_test 1-42
2017-08-09 11:54:30,941 INFO o.a.j.t.JMeterThread: Stopping because end time detected by thread: BG_test 1-57
2017-08-09 11:54:30,941 INFO o.a.j.t.JMeterThread: Thread finished: BG_test 1-57
2017-08-09 11:54:30,988 INFO o.a.j.t.JMeterThread: Stopping because end time detected by thread: BG_test 1-65
2017-08-09 11:54:30,988 INFO o.a.j.t.JMeterThread: Thread finished: BG_test 1-65
2017-08-09 11:54:31,102 INFO o.a.j.t.JMeterThread: Stopping because end time detected by thread: BG_test 1-97
2017-08-09 11:54:31,103 INFO o.a.j.t.JMeterThread: Thread finished: BG_test 1-97
2017-08-09 11:54:31,103 INFO o.a.j.t.JMeterThread: Stopping because end time detected by thread: BG_test 1-82
2017-08-09 11:54:31,103 INFO o.a.j.t.JMeterThread: Thread finished: BG_test 1-82
2017-08-09 11:54:31,119 INFO o.a.j.t.JMeterThread: Stopping because end time detected by thread: BG_test 1-4
2017-08-09 11:54:31,119 INFO o.a.j.t.JMeterThread: Thread finished: BG_test 1-4
2017-08-09 11:54:31,146 INFO o.a.j.t.JMeterThread: Stopping because end time detected by thread: BG_test 1-16
2017-08-09 11:54:31,146 INFO o.a.j.t.JMeterThread: Thread finished: BG_test 1-16
2017-08-09 11:54:31,147 INFO o.a.j.t.JMeterThread: Stopping because end time detected by thread: BG_test 1-35
2017-08-09 11:54:31,147 INFO o.a.j.t.JMeterThread: Thread finished: BG_test 1-35
2017-08-09 11:54:31,147 INFO o.a.j.t.JMeterThread: Stopping because end time detected by thread: BG_test 1-78
2017-08-09 11:54:31,148 INFO o.a.j.t.JMeterThread: Thread finished: BG_test 1-78
2017-08-09 11:54:31,148 INFO o.a.j.t.JMeterThread: Stopping because end time detected by thread: BG_test 1-89
2017-08-09 11:54:31,148 INFO o.a.j.t.JMeterThread: Thread finished: BG_test 1-89
2017-08-09 11:54:31,151 INFO o.a.j.t.JMeterThread: Stopping because end time detected by thread: BG_test 1-19
2017-08-09 11:54:31,151 INFO o.a.j.t.JMeterThread: Thread finished: BG_test 1-19
2017-08-09 11:54:31,155 INFO o.a.j.t.JMeterThread: Stopping because end time detected by thread: BG_test 1-27
2017-08-09 11:54:31,155 INFO o.a.j.t.JMeterThread: Thread finished: BG_test 1-27
2017-08-09 11:54:31,162 INFO o.a.j.t.JMeterThread: Stopping because end time detected by thread: BG_test 1-10
2017-08-09 11:54:31,162 INFO o.a.j.t.JMeterThread: Thread finished: BG_test 1-10
2017-08-09 11:54:31,182 INFO o.a.j.t.JMeterThread: Stopping because end time detected by thread: BG_test 1-36
2017-08-09 11:54:31,182 INFO o.a.j.t.JMeterThread: Thread finished: BG_test 1-36
2017-08-09 11:54:31,187 INFO o.a.j.t.JMeterThread: Stopping because end time detected by thread: BG_test 1-51
2017-08-09 11:54:31,187 INFO o.a.j.t.JMeterThread: Thread finished: BG_test 1-51
2017-08-09 11:54:31,192 INFO o.a.j.t.JMeterThread: Stopping because end time detected by thread: BG_test 1-5
2017-08-09 11:54:31,192 INFO o.a.j.t.JMeterThread: Thread finished: BG_test 1-5
2017-08-09 11:54:31,193 INFO o.a.j.t.JMeterThread: Stopping because end time detected by thread: BG_test 1-30
2017-08-09 11:54:31,193 INFO o.a.j.t.JMeterThread: Thread finished: BG_test 1-30
2017-08-09 11:54:31,195 INFO o.a.j.t.JMeterThread: Stopping because end time detected by thread: BG_test 1-75
2017-08-09 11:54:31,196 INFO o.a.j.t.JMeterThread: Thread finished: BG_test 1-75
2017-08-09 11:54:31,208 INFO o.a.j.t.JMeterThread: Stopping because end time detected by thread: BG_test 1-22
2017-08-09 11:54:31,208 INFO o.a.j.t.JMeterThread: Thread finished: BG_test 1-22
2017-08-09 11:54:31,226 INFO o.a.j.t.JMeterThread: Stopping because end time detected by thread: BG_test 1-99
2017-08-09 11:54:31,226 INFO o.a.j.t.JMeterThread: Thread finished: BG_test 1-99
2017-08-09 11:54:31,261 INFO o.a.j.t.JMeterThread: Stopping because end time detected by thread: BG_test 1-29
2017-08-09 11:54:31,261 INFO o.a.j.t.JMeterThread: Thread finished: BG_test 1-29
2017-08-09 11:54:31,265 INFO o.a.j.t.JMeterThread: Stopping because end time detected by thread: BG_test 1-3
2017-08-09 11:54:31,265 INFO o.a.j.t.JMeterThread: Thread finished: BG_test 1-3
2017-08-09 11:54:31,274 INFO o.a.j.t.JMeterThread: Stopping because end time detected by thread: BG_test 1-37
2017-08-09 11:54:31,274 INFO o.a.j.t.JMeterThread: Thread finished: BG_test 1-37
2017-08-09 11:54:31,276 INFO o.a.j.t.JMeterThread: Stopping because end time detected by thread: BG_test 1-73
2017-08-09 11:54:31,276 INFO o.a.j.t.JMeterThread: Thread finished: BG_test 1-73
2017-08-09 11:54:31,277 INFO o.a.j.t.JMeterThread: Stopping because end time detected by thread: BG_test 1-44
2017-08-09 11:54:31,277 INFO o.a.j.t.JMeterThread: Thread finished: BG_test 1-44
2017-08-09 11:54:31,278 INFO o.a.j.t.JMeterThread: Stopping because end time detected by thread: BG_test 1-54
2017-08-09 11:54:31,278 INFO o.a.j.t.JMeterThread: Thread finished: BG_test 1-54
2017-08-09 11:54:31,278 INFO o.a.j.t.JMeterThread: Stopping because end time detected by thread: BG_test 1-53
2017-08-09 11:54:31,279 INFO o.a.j.t.JMeterThread: Thread finished: BG_test 1-53
2017-08-09 11:54:31,279 INFO o.a.j.t.JMeterThread: Stopping because end time detected by thread: BG_test 1-28
2017-08-09 11:54:31,279 INFO o.a.j.t.JMeterThread: Thread finished: BG_test 1-28
2017-08-09 11:54:31,280 INFO o.a.j.t.JMeterThread: Stopping because end time detected by thread: BG_test 1-14
2017-08-09 11:54:31,280 INFO o.a.j.t.JMeterThread: Thread finished: BG_test 1-14
2017-08-09 11:54:31,280 INFO o.a.j.t.JMeterThread: Stopping because end time detected by thread: BG_test 1-90
2017-08-09 11:54:31,280 INFO o.a.j.t.JMeterThread: Thread finished: BG_test 1-90
2017-08-09 11:54:31,280 INFO o.a.j.t.JMeterThread: Stopping because end time detected by thread: BG_test 1-96
2017-08-09 11:54:31,281 INFO o.a.j.t.JMeterThread: Thread finished: BG_test 1-96
2017-08-09 11:54:31,280 INFO o.a.j.t.JMeterThread: Stopping because end time detected by thread: BG_test 1-9
2017-08-09 11:54:31,283 INFO o.a.j.t.JMeterThread: Thread finished: BG_test 1-9
2017-08-09 11:54:31,283 INFO o.a.j.t.JMeterThread: Stopping because end time detected by thread: BG_test 1-74
2017-08-09 11:54:31,283 INFO o.a.j.t.JMeterThread: Thread finished: BG_test 1-74
2017-08-09 11:54:31,285 INFO o.a.j.t.JMeterThread: Stopping because end time detected by thread: BG_test 1-23
2017-08-09 11:54:31,285 INFO o.a.j.t.JMeterThread: Thread finished: BG_test 1-23
2017-08-09 11:54:31,286 INFO o.a.j.t.JMeterThread: Stopping because end time detected by thread: BG_test 1-12
2017-08-09 11:54:31,286 INFO o.a.j.t.JMeterThread: Thread finished: BG_test 1-12
2017-08-09 11:54:31,287 INFO o.a.j.t.JMeterThread: Stopping because end time detected by thread: BG_test 1-52
2017-08-09 11:54:31,287 INFO o.a.j.t.JMeterThread: Thread finished: BG_test 1-52
2017-08-09 11:54:31,301 INFO o.a.j.t.JMeterThread: Stopping because end time detected by thread: BG_test 1-56
2017-08-09 11:54:31,301 INFO o.a.j.t.JMeterThread: Thread finished: BG_test 1-56
2017-08-09 11:54:31,390 INFO o.a.j.t.JMeterThread: Stopping because end time detected by thread: BG_test 1-24
2017-08-09 11:54:31,390 INFO o.a.j.t.JMeterThread: Thread finished: BG_test 1-24
2017-08-09 11:54:31,435 INFO o.a.j.t.JMeterThread: Stopping because end time detected by thread: BG_test 1-21
2017-08-09 11:54:31,435 INFO o.a.j.t.JMeterThread: Stopping because end time detected by thread: BG_test 1-69
2017-08-09 11:54:31,435 INFO o.a.j.t.JMeterThread: Stopping because end time detected by thread: BG_test 1-50
2017-08-09 11:54:31,435 INFO o.a.j.t.JMeterThread: Thread finished: BG_test 1-21
2017-08-09 11:54:31,435 INFO o.a.j.t.JMeterThread: Thread finished: BG_test 1-50
2017-08-09 11:54:31,435 INFO o.a.j.t.JMeterThread: Thread finished: BG_test 1-69
2017-08-09 11:54:31,435 INFO o.a.j.t.JMeterThread: Stopping because end time detected by thread: BG_test 1-77
2017-08-09 11:54:31,436 INFO o.a.j.t.JMeterThread: Thread finished: BG_test 1-77
2017-08-09 11:54:31,448 INFO o.a.j.t.JMeterThread: Stopping because end time detected by thread: BG_test 1-98
2017-08-09 11:54:31,448 INFO o.a.j.t.JMeterThread: Thread finished: BG_test 1-98
2017-08-09 11:54:31,449 INFO o.a.j.t.JMeterThread: Stopping because end time detected by thread: BG_test 1-49
2017-08-09 11:54:31,449 INFO o.a.j.t.JMeterThread: Thread finished: BG_test 1-49
2017-08-09 11:54:31,513 INFO o.a.j.t.JMeterThread: Stopping because end time detected by thread: BG_test 1-34
2017-08-09 11:54:31,513 INFO o.a.j.t.JMeterThread: Thread finished: BG_test 1-34
2017-08-09 11:54:31,537 INFO o.a.j.t.JMeterThread: Stopping because end time detected by thread: BG_test 1-64
2017-08-09 11:54:31,537 INFO o.a.j.t.JMeterThread: Thread finished: BG_test 1-64
2017-08-09 11:54:31,537 INFO o.a.j.t.JMeterThread: Stopping because end time detected by thread: BG_test 1-62
2017-08-09 11:54:31,537 INFO o.a.j.t.JMeterThread: Thread finished: BG_test 1-62
2017-08-09 11:54:31,538 INFO o.a.j.t.JMeterThread: Stopping because end time detected by thread: BG_test 1-41
2017-08-09 11:54:31,538 INFO o.a.j.t.JMeterThread: Thread finished: BG_test 1-41
2017-08-09 11:54:31,541 INFO o.a.j.t.JMeterThread: Stopping because end time detected by thread: BG_test 1-17
2017-08-09 11:54:31,541 INFO o.a.j.t.JMeterThread: Thread finished: BG_test 1-17
2017-08-09 11:54:31,759 INFO o.a.j.t.JMeterThread: Stopping because end time detected by thread: BG_test 1-63
2017-08-09 11:54:31,760 INFO o.a.j.t.JMeterThread: Thread finished: BG_test 1-63
2017-08-09 11:54:31,761 INFO o.a.j.t.JMeterThread: Stopping because end time detected by thread: BG_test 1-87
2017-08-09 11:54:31,761 INFO o.a.j.t.JMeterThread: Thread finished: BG_test 1-87
2017-08-09 11:54:31,801 INFO o.a.j.t.JMeterThread: Stopping because end time detected by thread: BG_test 1-45
2017-08-09 11:54:31,802 INFO o.a.j.t.JMeterThread: Thread finished: BG_test 1-45
2017-08-09 11:54:31,818 INFO o.a.j.t.JMeterThread: Stopping because end time detected by thread: BG_test 1-13
2017-08-09 11:54:31,818 INFO o.a.j.t.JMeterThread: Thread finished: BG_test 1-13
2017-08-09 11:54:31,828 INFO o.a.j.t.JMeterThread: Stopping because end time detected by thread: BG_test 1-66
2017-08-09 11:54:31,828 INFO o.a.j.t.JMeterThread: Thread finished: BG_test 1-66
2017-08-09 11:54:31,831 INFO o.a.j.t.JMeterThread: Stopping because end time detected by thread: BG_test 1-40
2017-08-09 11:54:31,831 INFO o.a.j.t.JMeterThread: Thread finished: BG_test 1-40
2017-08-09 11:54:31,835 INFO o.a.j.t.JMeterThread: Stopping because end time detected by thread: BG_test 1-79
2017-08-09 11:54:31,835 INFO o.a.j.t.JMeterThread: Thread finished: BG_test 1-79
2017-08-09 11:54:31,835 INFO o.a.j.t.JMeterThread: Stopping because end time detected by thread: BG_test 1-93
2017-08-09 11:54:31,835 INFO o.a.j.t.JMeterThread: Thread finished: BG_test 1-93
2017-08-09 11:54:31,875 INFO o.a.j.t.JMeterThread: Stopping because end time detected by thread: BG_test 1-20
2017-08-09 11:54:31,875 INFO o.a.j.t.JMeterThread: Stopping because end time detected by thread: BG_test 1-76
2017-08-09 11:54:31,875 INFO o.a.j.t.JMeterThread: Thread finished: BG_test 1-20
2017-08-09 11:54:31,875 INFO o.a.j.t.JMeterThread: Stopping because end time detected by thread: BG_test 1-88
2017-08-09 11:54:31,876 INFO o.a.j.t.JMeterThread: Thread finished: BG_test 1-88
2017-08-09 11:54:31,875 INFO o.a.j.t.JMeterThread: Thread finished: BG_test 1-76
2017-08-09 11:54:31,890 INFO o.a.j.t.JMeterThread: Stopping because end time detected by thread: BG_test 1-68
2017-08-09 11:54:31,890 INFO o.a.j.t.JMeterThread: Thread finished: BG_test 1-68
2017-08-09 11:54:31,936 INFO o.a.j.t.JMeterThread: Stopping because end time detected by thread: BG_test 1-67
2017-08-09 11:54:31,936 INFO o.a.j.t.JMeterThread: Thread finished: BG_test 1-67
2017-08-09 11:54:31,961 INFO o.a.j.t.JMeterThread: Stopping because end time detected by thread: BG_test 1-85
2017-08-09 11:54:31,961 INFO o.a.j.t.JMeterThread: Thread finished: BG_test 1-85
2017-08-09 11:54:31,961 INFO o.a.j.t.JMeterThread: Stopping because end time detected by thread: BG_test 1-95
2017-08-09 11:54:31,961 INFO o.a.j.t.JMeterThread: Thread finished: BG_test 1-95
2017-08-09 11:54:31,980 INFO o.a.j.t.JMeterThread: Stopping because end time detected by thread: BG_test 1-33
2017-08-09 11:54:31,981 INFO o.a.j.t.JMeterThread: Thread finished: BG_test 1-33
2017-08-09 11:54:31,984 INFO o.a.j.t.JMeterThread: Stopping because end time detected by thread: BG_test 1-39
2017-08-09 11:54:31,984 INFO o.a.j.t.JMeterThread: Thread finished: BG_test 1-39
2017-08-09 11:54:31,992 INFO o.a.j.t.JMeterThread: Stopping because end time detected by thread: BG_test 1-71
2017-08-09 11:54:31,992 INFO o.a.j.t.JMeterThread: Thread finished: BG_test 1-71
2017-08-09 11:54:32,022 INFO o.a.j.t.JMeterThread: Stopping because end time detected by thread: BG_test 1-46
2017-08-09 11:54:32,022 INFO o.a.j.t.JMeterThread: Thread finished: BG_test 1-46
2017-08-09 11:54:32,023 INFO o.a.j.e.StandardJMeterEngine: Notifying test listeners of end of test
2017-08-09 11:54:32,023 INFO o.a.j.g.u.JMeterMenuBar: setRunning(false, *local*)
2017-08-09 11:56:08,937 INFO o.a.j.g.a.Load: Loading file: /Users/allanchua/Documents/workspace/BG_test.jmx
2017-08-09 11:56:08,937 INFO o.a.j.s.FileServer: Set new base='/Users/allanchua/Documents/workspace'
2017-08-09 11:56:08,937 INFO o.a.j.s.SaveService: Loading file: /Users/allanchua/Documents/workspace/BG_test.jmx
2017-08-09 11:56:08,986 INFO o.a.j.s.FileServer: Set new base='/Users/allanchua/Documents/workspace'
2017-08-09 11:56:51,405 INFO o.a.j.e.StandardJMeterEngine: Running the test!
2017-08-09 11:56:51,406 INFO o.a.j.s.SampleEvent: List of sample_variables: []
2017-08-09 11:56:51,406 INFO o.a.j.g.u.JMeterMenuBar: setRunning(true, *local*)
2017-08-09 11:56:51,609 INFO o.a.j.e.StandardJMeterEngine: Starting ThreadGroup: 1 : BG_test
2017-08-09 11:56:51,609 INFO o.a.j.e.StandardJMeterEngine: Starting 100 threads for group BG_test.
2017-08-09 11:56:51,609 INFO o.a.j.e.StandardJMeterEngine: Thread will continue on error
2017-08-09 11:56:51,609 INFO o.a.j.t.ThreadGroup: Starting thread group... number=1 threads=100 ramp-up=30 perThread=300.0 delayedStart=false
2017-08-09 11:56:51,610 INFO o.a.j.t.JMeterThread: Thread started: BG_test 1-1
2017-08-09 11:56:51,632 INFO o.a.j.t.ThreadGroup: Started thread group number 1
2017-08-09 11:56:51,633 INFO o.a.j.e.StandardJMeterEngine: All thread groups have been started
2017-08-09 11:56:51,910 INFO o.a.j.t.JMeterThread: Thread started: BG_test 1-2
2017-08-09 11:56:52,215 INFO o.a.j.t.JMeterThread: Thread started: BG_test 1-3
2017-08-09 11:56:52,510 INFO o.a.j.t.JMeterThread: Thread started: BG_test 1-4
2017-08-09 11:56:52,812 INFO o.a.j.t.JMeterThread: Thread started: BG_test 1-5
2017-08-09 11:56:53,111 INFO o.a.j.t.JMeterThread: Thread started: BG_test 1-6
2017-08-09 11:56:53,415 INFO o.a.j.t.JMeterThread: Thread started: BG_test 1-7
2017-08-09 11:56:53,716 INFO o.a.j.t.JMeterThread: Thread started: BG_test 1-8
2017-08-09 11:56:54,012 INFO o.a.j.t.JMeterThread: Thread started: BG_test 1-9
2017-08-09 11:56:54,315 INFO o.a.j.t.JMeterThread: Thread started: BG_test 1-10
2017-08-09 11:56:54,615 INFO o.a.j.t.JMeterThread: Thread started: BG_test 1-11
2017-08-09 11:56:54,916 INFO o.a.j.t.JMeterThread: Thread started: BG_test 1-12
2017-08-09 11:56:55,213 INFO o.a.j.t.JMeterThread: Thread started: BG_test 1-13
2017-08-09 11:56:55,516 INFO o.a.j.t.JMeterThread: Thread started: BG_test 1-14
2017-08-09 11:56:55,814 INFO o.a.j.t.JMeterThread: Thread started: BG_test 1-15
2017-08-09 11:56:56,115 INFO o.a.j.t.JMeterThread: Thread started: BG_test 1-16
2017-08-09 11:56:56,414 INFO o.a.j.t.JMeterThread: Thread started: BG_test 1-17
2017-08-09 11:56:56,714 INFO o.a.j.t.JMeterThread: Thread started: BG_test 1-18
2017-08-09 11:56:57,015 INFO o.a.j.t.JMeterThread: Thread started: BG_test 1-19
2017-08-09 11:56:57,315 INFO o.a.j.t.JMeterThread: Thread started: BG_test 1-20
2017-08-09 11:56:57,619 INFO o.a.j.t.JMeterThread: Thread started: BG_test 1-21
2017-08-09 11:56:57,915 INFO o.a.j.t.JMeterThread: Thread started: BG_test 1-22
2017-08-09 11:56:58,214 INFO o.a.j.t.JMeterThread: Thread started: BG_test 1-23
2017-08-09 11:56:58,519 INFO o.a.j.t.JMeterThread: Thread started: BG_test 1-24
2017-08-09 11:56:58,818 INFO o.a.j.t.JMeterThread: Thread started: BG_test 1-25
2017-08-09 11:56:59,117 INFO o.a.j.t.JMeterThread: Thread started: BG_test 1-26
2017-08-09 11:56:59,415 INFO o.a.j.t.JMeterThread: Thread started: BG_test 1-27
2017-08-09 11:56:59,716 INFO o.a.j.t.JMeterThread: Thread started: BG_test 1-28
2017-08-09 11:57:00,019 INFO o.a.j.t.JMeterThread: Thread started: BG_test 1-29
2017-08-09 11:57:00,316 INFO o.a.j.t.JMeterThread: Thread started: BG_test 1-30
2017-08-09 11:57:00,618 INFO o.a.j.t.JMeterThread: Thread started: BG_test 1-31
2017-08-09 11:57:00,919 INFO o.a.j.t.JMeterThread: Thread started: BG_test 1-32
2017-08-09 11:57:01,216 INFO o.a.j.t.JMeterThread: Thread started: BG_test 1-33
2017-08-09 11:57:01,518 INFO o.a.j.t.JMeterThread: Thread started: BG_test 1-34
2017-08-09 11:57:01,821 INFO o.a.j.t.JMeterThread: Thread started: BG_test 1-35
2017-08-09 11:57:02,117 INFO o.a.j.t.JMeterThread: Thread started: BG_test 1-36
2017-08-09 11:57:02,419 INFO o.a.j.t.JMeterThread: Thread started: BG_test 1-37
2017-08-09 11:57:02,721 INFO o.a.j.t.JMeterThread: Thread started: BG_test 1-38
2017-08-09 11:57:03,023 INFO o.a.j.t.JMeterThread: Thread started: BG_test 1-39
2017-08-09 11:57:03,318 INFO o.a.j.t.JMeterThread: Thread started: BG_test 1-40
2017-08-09 11:57:03,618 INFO o.a.j.t.JMeterThread: Thread started: BG_test 1-41
2017-08-09 11:57:03,917 INFO o.a.j.t.JMeterThread: Thread started: BG_test 1-42
2017-08-09 11:57:04,218 INFO o.a.j.t.JMeterThread: Thread started: BG_test 1-43
2017-08-09 11:57:04,518 INFO o.a.j.t.JMeterThread: Thread started: BG_test 1-44
2017-08-09 11:57:04,823 INFO o.a.j.t.JMeterThread: Thread started: BG_test 1-45
2017-08-09 11:57:05,123 INFO o.a.j.t.JMeterThread: Thread started: BG_test 1-46
2017-08-09 11:57:05,418 INFO o.a.j.t.JMeterThread: Thread started: BG_test 1-47
2017-08-09 11:57:05,724 INFO o.a.j.t.JMeterThread: Thread started: BG_test 1-48
2017-08-09 11:57:06,024 INFO o.a.j.t.JMeterThread: Thread started: BG_test 1-49
2017-08-09 11:57:06,323 INFO o.a.j.t.JMeterThread: Thread started: BG_test 1-50
2017-08-09 11:57:06,623 INFO o.a.j.t.JMeterThread: Thread started: BG_test 1-51
2017-08-09 11:57:06,924 INFO o.a.j.t.JMeterThread: Thread started: BG_test 1-52
2017-08-09 11:57:07,223 INFO o.a.j.t.JMeterThread: Thread started: BG_test 1-53
2017-08-09 11:57:07,524 INFO o.a.j.t.JMeterThread: Thread started: BG_test 1-54
2017-08-09 11:57:07,823 INFO o.a.j.t.JMeterThread: Thread started: BG_test 1-55
2017-08-09 11:57:08,120 INFO o.a.j.t.JMeterThread: Thread started: BG_test 1-56
2017-08-09 11:57:08,423 INFO o.a.j.t.JMeterThread: Thread started: BG_test 1-57
2017-08-09 11:57:08,723 INFO o.a.j.t.JMeterThread: Thread started: BG_test 1-58
2017-08-09 11:57:09,023 INFO o.a.j.t.JMeterThread: Thread started: BG_test 1-59
2017-08-09 11:57:09,324 INFO o.a.j.t.JMeterThread: Thread started: BG_test 1-60
2017-08-09 11:57:09,624 INFO o.a.j.t.JMeterThread: Thread started: BG_test 1-61
2017-08-09 11:57:09,924 INFO o.a.j.t.JMeterThread: Thread started: BG_test 1-62
2017-08-09 11:57:10,224 INFO o.a.j.t.JMeterThread: Thread started: BG_test 1-63
2017-08-09 11:57:10,523 INFO o.a.j.t.JMeterThread: Thread started: BG_test 1-64
2017-08-09 11:57:10,823 INFO o.a.j.t.JMeterThread: Thread started: BG_test 1-65
2017-08-09 11:57:11,124 INFO o.a.j.t.JMeterThread: Thread started: BG_test 1-66
2017-08-09 11:57:11,426 INFO o.a.j.t.JMeterThread: Thread started: BG_test 1-67
2017-08-09 11:57:11,726 INFO o.a.j.t.JMeterThread: Thread started: BG_test 1-68
2017-08-09 11:57:12,024 INFO o.a.j.t.JMeterThread: Thread started: BG_test 1-69
2017-08-09 11:57:12,323 INFO o.a.j.t.JMeterThread: Thread started: BG_test 1-70
2017-08-09 11:57:12,623 INFO o.a.j.t.JMeterThread: Thread started: BG_test 1-71
2017-08-09 11:57:12,924 INFO o.a.j.t.JMeterThread: Thread started: BG_test 1-72
2017-08-09 11:57:13,224 INFO o.a.j.t.JMeterThread: Thread started: BG_test 1-73
2017-08-09 11:57:13,526 INFO o.a.j.t.JMeterThread: Thread started: BG_test 1-74
2017-08-09 11:57:13,824 INFO o.a.j.t.JMeterThread: Thread started: BG_test 1-75
2017-08-09 11:57:14,124 INFO o.a.j.t.JMeterThread: Thread started: BG_test 1-76
2017-08-09 11:57:14,426 INFO o.a.j.t.JMeterThread: Thread started: BG_test 1-77
2017-08-09 11:57:14,726 INFO o.a.j.t.JMeterThread: Thread started: BG_test 1-78
2017-08-09 11:57:15,026 INFO o.a.j.t.JMeterThread: Thread started: BG_test 1-79
2017-08-09 11:57:15,328 INFO o.a.j.t.JMeterThread: Thread started: BG_test 1-80
2017-08-09 11:57:15,632 INFO o.a.j.t.JMeterThread: Thread started: BG_test 1-81
2017-08-09 11:57:15,932 INFO o.a.j.t.JMeterThread: Thread started: BG_test 1-82
2017-08-09 11:57:16,228 INFO o.a.j.t.JMeterThread: Thread started: BG_test 1-83
2017-08-09 11:57:16,533 INFO o.a.j.t.JMeterThread: Thread started: BG_test 1-84
2017-08-09 11:57:16,831 INFO o.a.j.t.JMeterThread: Thread started: BG_test 1-85
2017-08-09 11:57:17,128 INFO o.a.j.t.JMeterThread: Thread started: BG_test 1-86
2017-08-09 11:57:17,430 INFO o.a.j.t.JMeterThread: Thread started: BG_test 1-87
2017-08-09 11:57:17,731 INFO o.a.j.t.JMeterThread: Thread started: BG_test 1-88
2017-08-09 11:57:18,029 INFO o.a.j.t.JMeterThread: Thread started: BG_test 1-89
2017-08-09 11:57:18,334 INFO o.a.j.t.JMeterThread: Thread started: BG_test 1-90
2017-08-09 11:57:18,630 INFO o.a.j.t.JMeterThread: Thread started: BG_test 1-91
2017-08-09 11:57:18,934 INFO o.a.j.t.JMeterThread: Thread started: BG_test 1-92
2017-08-09 11:57:19,234 INFO o.a.j.t.JMeterThread: Thread started: BG_test 1-93
2017-08-09 11:57:19,535 INFO o.a.j.t.JMeterThread: Thread started: BG_test 1-94
2017-08-09 11:57:19,834 INFO o.a.j.t.JMeterThread: Thread started: BG_test 1-95
2017-08-09 11:57:20,134 INFO o.a.j.t.JMeterThread: Thread started: BG_test 1-96
2017-08-09 11:57:20,435 INFO o.a.j.t.JMeterThread: Thread started: BG_test 1-97
2017-08-09 11:57:20,735 INFO o.a.j.t.JMeterThread: Thread started: BG_test 1-98
2017-08-09 11:57:21,033 INFO o.a.j.t.JMeterThread: Thread started: BG_test 1-99
2017-08-09 11:57:21,335 INFO o.a.j.t.JMeterThread: Thread started: BG_test 1-100
2017-08-09 11:57:51,689 INFO o.a.j.t.JMeterThread: Stopping because end time detected by thread: BG_test 1-72
2017-08-09 11:57:51,690 INFO o.a.j.t.JMeterThread: Thread finished: BG_test 1-72
2017-08-09 11:57:52,072 INFO o.a.j.t.JMeterThread: Stopping because end time detected by thread: BG_test 1-59
2017-08-09 11:57:52,072 INFO o.a.j.t.JMeterThread: Thread finished: BG_test 1-59
2017-08-09 11:57:52,214 INFO o.a.j.t.JMeterThread: Stopping because end time detected by thread: BG_test 1-99
2017-08-09 11:57:52,214 INFO o.a.j.t.JMeterThread: Thread finished: BG_test 1-99
2017-08-09 11:57:52,346 INFO o.a.j.t.JMeterThread: Stopping because end time detected by thread: BG_test 1-43
2017-08-09 11:57:52,346 INFO o.a.j.t.JMeterThread: Thread finished: BG_test 1-43
2017-08-09 11:57:52,347 INFO o.a.j.t.JMeterThread: Stopping because end time detected by thread: BG_test 1-100
2017-08-09 11:57:52,347 INFO o.a.j.t.JMeterThread: Thread finished: BG_test 1-100
2017-08-09 11:57:52,353 INFO o.a.j.t.JMeterThread: Stopping because end time detected by thread: BG_test 1-34
2017-08-09 11:57:52,353 INFO o.a.j.t.JMeterThread: Thread finished: BG_test 1-34
2017-08-09 11:57:52,353 INFO o.a.j.t.JMeterThread: Stopping because end time detected by thread: BG_test 1-10
2017-08-09 11:57:52,353 INFO o.a.j.t.JMeterThread: Thread finished: BG_test 1-10
2017-08-09 11:57:52,510 INFO o.a.j.t.JMeterThread: Stopping because end time detected by thread: BG_test 1-79
2017-08-09 11:57:52,510 INFO o.a.j.t.JMeterThread: Thread finished: BG_test 1-79
2017-08-09 11:57:52,511 INFO o.a.j.t.JMeterThread: Stopping because end time detected by thread: BG_test 1-25
2017-08-09 11:57:52,511 INFO o.a.j.t.JMeterThread: Thread finished: BG_test 1-25
2017-08-09 11:57:52,513 INFO o.a.j.t.JMeterThread: Stopping because end time detected by thread: BG_test 1-86
2017-08-09 11:57:52,513 INFO o.a.j.t.JMeterThread: Thread finished: BG_test 1-86
2017-08-09 11:57:52,513 INFO o.a.j.t.JMeterThread: Stopping because end time detected by thread: BG_test 1-38
2017-08-09 11:57:52,513 INFO o.a.j.t.JMeterThread: Thread finished: BG_test 1-38
2017-08-09 11:57:52,537 INFO o.a.j.t.JMeterThread: Stopping because end time detected by thread: BG_test 1-95
2017-08-09 11:57:52,537 INFO o.a.j.t.JMeterThread: Thread finished: BG_test 1-95
2017-08-09 11:57:52,544 INFO o.a.j.t.JMeterThread: Stopping because end time detected by thread: BG_test 1-8
2017-08-09 11:57:52,544 INFO o.a.j.t.JMeterThread: Thread finished: BG_test 1-8
2017-08-09 11:57:52,562 INFO o.a.j.t.JMeterThread: Stopping because end time detected by thread: BG_test 1-87
2017-08-09 11:57:52,562 INFO o.a.j.t.JMeterThread: Stopping because end time detected by thread: BG_test 1-46
2017-08-09 11:57:52,562 INFO o.a.j.t.JMeterThread: Thread finished: BG_test 1-46
2017-08-09 11:57:52,562 INFO o.a.j.t.JMeterThread: Stopping because end time detected by thread: BG_test 1-23
2017-08-09 11:57:52,562 INFO o.a.j.t.JMeterThread: Thread finished: BG_test 1-23
2017-08-09 11:57:52,562 INFO o.a.j.t.JMeterThread: Thread finished: BG_test 1-87
2017-08-09 11:57:52,563 INFO o.a.j.t.JMeterThread: Stopping because end time detected by thread: BG_test 1-9
2017-08-09 11:57:52,563 INFO o.a.j.t.JMeterThread: Thread finished: BG_test 1-9
2017-08-09 11:57:52,564 INFO o.a.j.t.JMeterThread: Stopping because end time detected by thread: BG_test 1-91
2017-08-09 11:57:52,564 INFO o.a.j.t.JMeterThread: Thread finished: BG_test 1-91
2017-08-09 11:57:52,588 INFO o.a.j.t.JMeterThread: Stopping because end time detected by thread: BG_test 1-3
2017-08-09 11:57:52,588 INFO o.a.j.t.JMeterThread: Thread finished: BG_test 1-3
2017-08-09 11:57:52,589 INFO o.a.j.t.JMeterThread: Stopping because end time detected by thread: BG_test 1-81
2017-08-09 11:57:52,589 INFO o.a.j.t.JMeterThread: Thread finished: BG_test 1-81
2017-08-09 11:57:52,597 INFO o.a.j.t.JMeterThread: Stopping because end time detected by thread: BG_test 1-28
2017-08-09 11:57:52,597 INFO o.a.j.t.JMeterThread: Thread finished: BG_test 1-28
2017-08-09 11:57:52,597 INFO o.a.j.t.JMeterThread: Stopping because end time detected by thread: BG_test 1-26
2017-08-09 11:57:52,598 INFO o.a.j.t.JMeterThread: Thread finished: BG_test 1-26
2017-08-09 11:57:52,598 INFO o.a.j.t.JMeterThread: Stopping because end time detected by thread: BG_test 1-22
2017-08-09 11:57:52,598 INFO o.a.j.t.JMeterThread: Thread finished: BG_test 1-22
2017-08-09 11:57:52,606 INFO o.a.j.t.JMeterThread: Stopping because end time detected by thread: BG_test 1-6
2017-08-09 11:57:52,606 INFO o.a.j.t.JMeterThread: Thread finished: BG_test 1-6
2017-08-09 11:57:52,622 INFO o.a.j.t.JMeterThread: Stopping because end time detected by thread: BG_test 1-15
2017-08-09 11:57:52,622 INFO o.a.j.t.JMeterThread: Thread finished: BG_test 1-15
2017-08-09 11:57:52,631 INFO o.a.j.t.JMeterThread: Stopping because end time detected by thread: BG_test 1-56
2017-08-09 11:57:52,631 INFO o.a.j.t.JMeterThread: Stopping because end time detected by thread: BG_test 1-89
2017-08-09 11:57:52,631 INFO o.a.j.t.JMeterThread: Thread finished: BG_test 1-56
2017-08-09 11:57:52,631 INFO o.a.j.t.JMeterThread: Thread finished: BG_test 1-89
2017-08-09 11:57:52,631 INFO o.a.j.t.JMeterThread: Stopping because end time detected by thread: BG_test 1-82
2017-08-09 11:57:52,631 INFO o.a.j.t.JMeterThread: Stopping because end time detected by thread: BG_test 1-24
2017-08-09 11:57:52,631 INFO o.a.j.t.JMeterThread: Thread finished: BG_test 1-24
2017-08-09 11:57:52,631 INFO o.a.j.t.JMeterThread: Thread finished: BG_test 1-82
2017-08-09 11:57:52,639 INFO o.a.j.t.JMeterThread: Stopping because end time detected by thread: BG_test 1-90
2017-08-09 11:57:52,639 INFO o.a.j.t.JMeterThread: Thread finished: BG_test 1-90
2017-08-09 11:57:52,841 INFO o.a.j.t.JMeterThread: Stopping because end time detected by thread: BG_test 1-63
2017-08-09 11:57:52,841 INFO o.a.j.t.JMeterThread: Thread finished: BG_test 1-63
2017-08-09 11:57:52,858 INFO o.a.j.t.JMeterThread: Stopping because end time detected by thread: BG_test 1-98
2017-08-09 11:57:52,858 INFO o.a.j.t.JMeterThread: Thread finished: BG_test 1-98
2017-08-09 11:57:52,953 INFO o.a.j.t.JMeterThread: Stopping because end time detected by thread: BG_test 1-36
2017-08-09 11:57:52,953 INFO o.a.j.t.JMeterThread: Thread finished: BG_test 1-36
2017-08-09 11:57:52,962 INFO o.a.j.t.JMeterThread: Stopping because end time detected by thread: BG_test 1-88
2017-08-09 11:57:52,962 INFO o.a.j.t.JMeterThread: Stopping because end time detected by thread: BG_test 1-85
2017-08-09 11:57:52,962 INFO o.a.j.t.JMeterThread: Stopping because end time detected by thread: BG_test 1-76
2017-08-09 11:57:52,962 INFO o.a.j.t.JMeterThread: Thread finished: BG_test 1-85
2017-08-09 11:57:52,962 INFO o.a.j.t.JMeterThread: Thread finished: BG_test 1-88
2017-08-09 11:57:52,962 INFO o.a.j.t.JMeterThread: Thread finished: BG_test 1-76
2017-08-09 11:57:52,969 INFO o.a.j.t.JMeterThread: Stopping because end time detected by thread: BG_test 1-12
2017-08-09 11:57:52,969 INFO o.a.j.t.JMeterThread: Thread finished: BG_test 1-12
2017-08-09 11:57:52,976 INFO o.a.j.t.JMeterThread: Stopping because end time detected by thread: BG_test 1-66
2017-08-09 11:57:52,976 INFO o.a.j.t.JMeterThread: Thread finished: BG_test 1-66
2017-08-09 11:57:52,995 INFO o.a.j.t.JMeterThread: Stopping because end time detected by thread: BG_test 1-57
2017-08-09 11:57:52,996 INFO o.a.j.t.JMeterThread: Thread finished: BG_test 1-57
2017-08-09 11:57:52,995 INFO o.a.j.t.JMeterThread: Stopping because end time detected by thread: BG_test 1-78
2017-08-09 11:57:52,996 INFO o.a.j.t.JMeterThread: Thread finished: BG_test 1-78
2017-08-09 11:57:52,996 INFO o.a.j.t.JMeterThread: Stopping because end time detected by thread: BG_test 1-75
2017-08-09 11:57:52,996 INFO o.a.j.t.JMeterThread: Thread finished: BG_test 1-75
2017-08-09 11:57:52,995 INFO o.a.j.t.JMeterThread: Stopping because end time detected by thread: BG_test 1-44
2017-08-09 11:57:52,996 INFO o.a.j.t.JMeterThread: Thread finished: BG_test 1-44
2017-08-09 11:57:52,997 INFO o.a.j.t.JMeterThread: Stopping because end time detected by thread: BG_test 1-49
2017-08-09 11:57:52,997 INFO o.a.j.t.JMeterThread: Thread finished: BG_test 1-49
2017-08-09 11:57:53,006 INFO o.a.j.t.JMeterThread: Stopping because end time detected by thread: BG_test 1-27
2017-08-09 11:57:53,006 INFO o.a.j.t.JMeterThread: Thread finished: BG_test 1-27
2017-08-09 11:57:53,021 INFO o.a.j.t.JMeterThread: Stopping because end time detected by thread: BG_test 1-19
2017-08-09 11:57:53,021 INFO o.a.j.t.JMeterThread: Thread finished: BG_test 1-19
2017-08-09 11:57:53,021 INFO o.a.j.t.JMeterThread: Stopping because end time detected by thread: BG_test 1-4
2017-08-09 11:57:53,021 INFO o.a.j.t.JMeterThread: Thread finished: BG_test 1-4
2017-08-09 11:57:53,022 INFO o.a.j.t.JMeterThread: Stopping because end time detected by thread: BG_test 1-74
2017-08-09 11:57:53,022 INFO o.a.j.t.JMeterThread: Thread finished: BG_test 1-74
2017-08-09 11:57:53,054 INFO o.a.j.t.JMeterThread: Stopping because end time detected by thread: BG_test 1-33
2017-08-09 11:57:53,054 INFO o.a.j.t.JMeterThread: Thread finished: BG_test 1-33
2017-08-09 11:57:53,070 INFO o.a.j.t.JMeterThread: Stopping because end time detected by thread: BG_test 1-29
2017-08-09 11:57:53,071 INFO o.a.j.t.JMeterThread: Thread finished: BG_test 1-29
2017-08-09 11:57:53,073 INFO o.a.j.t.JMeterThread: Stopping because end time detected by thread: BG_test 1-94
2017-08-09 11:57:53,073 INFO o.a.j.t.JMeterThread: Thread finished: BG_test 1-94
2017-08-09 11:57:53,081 INFO o.a.j.t.JMeterThread: Stopping because end time detected by thread: BG_test 1-84
2017-08-09 11:57:53,081 INFO o.a.j.t.JMeterThread: Thread finished: BG_test 1-84
2017-08-09 11:57:53,102 INFO o.a.j.t.JMeterThread: Stopping because end time detected by thread: BG_test 1-16
2017-08-09 11:57:53,103 INFO o.a.j.t.JMeterThread: Thread finished: BG_test 1-16
2017-08-09 11:57:53,104 INFO o.a.j.t.JMeterThread: Stopping because end time detected by thread: BG_test 1-93
2017-08-09 11:57:53,104 INFO o.a.j.t.JMeterThread: Thread finished: BG_test 1-93
2017-08-09 11:57:53,105 INFO o.a.j.t.JMeterThread: Stopping because end time detected by thread: BG_test 1-2
2017-08-09 11:57:53,105 INFO o.a.j.t.JMeterThread: Thread finished: BG_test 1-2
2017-08-09 11:57:53,114 INFO o.a.j.t.JMeterThread: Stopping because end time detected by thread: BG_test 1-64
2017-08-09 11:57:53,114 INFO o.a.j.t.JMeterThread: Thread finished: BG_test 1-64
2017-08-09 11:57:53,130 INFO o.a.j.t.JMeterThread: Stopping because end time detected by thread: BG_test 1-39
2017-08-09 11:57:53,130 INFO o.a.j.t.JMeterThread: Stopping because end time detected by thread: BG_test 1-18
2017-08-09 11:57:53,130 INFO o.a.j.t.JMeterThread: Stopping because end time detected by thread: BG_test 1-80
2017-08-09 11:57:53,130 INFO o.a.j.t.JMeterThread: Thread finished: BG_test 1-80
2017-08-09 11:57:53,130 INFO o.a.j.t.JMeterThread: Thread finished: BG_test 1-39
2017-08-09 11:57:53,130 INFO o.a.j.t.JMeterThread: Stopping because end time detected by thread: BG_test 1-73
2017-08-09 11:57:53,131 INFO o.a.j.t.JMeterThread: Thread finished: BG_test 1-73
2017-08-09 11:57:53,131 INFO o.a.j.t.JMeterThread: Stopping because end time detected by thread: BG_test 1-7
2017-08-09 11:57:53,131 INFO o.a.j.t.JMeterThread: Thread finished: BG_test 1-7
2017-08-09 11:57:53,130 INFO o.a.j.t.JMeterThread: Thread finished: BG_test 1-18
2017-08-09 11:57:53,135 INFO o.a.j.t.JMeterThread: Stopping because end time detected by thread: BG_test 1-71
2017-08-09 11:57:53,135 INFO o.a.j.t.JMeterThread: Thread finished: BG_test 1-71
2017-08-09 11:57:53,136 INFO o.a.j.t.JMeterThread: Stopping because end time detected by thread: BG_test 1-53
2017-08-09 11:57:53,136 INFO o.a.j.t.JMeterThread: Thread finished: BG_test 1-53
2017-08-09 11:57:53,155 INFO o.a.j.t.JMeterThread: Stopping because end time detected by thread: BG_test 1-67
2017-08-09 11:57:53,155 INFO o.a.j.t.JMeterThread: Thread finished: BG_test 1-67
2017-08-09 11:57:53,155 INFO o.a.j.t.JMeterThread: Stopping because end time detected by thread: BG_test 1-96
2017-08-09 11:57:53,155 INFO o.a.j.t.JMeterThread: Thread finished: BG_test 1-96
2017-08-09 11:57:53,159 INFO o.a.j.t.JMeterThread: Stopping because end time detected by thread: BG_test 1-51
2017-08-09 11:57:53,159 INFO o.a.j.t.JMeterThread: Thread finished: BG_test 1-51
2017-08-09 11:57:53,159 INFO o.a.j.t.JMeterThread: Stopping because end time detected by thread: BG_test 1-11
2017-08-09 11:57:53,159 INFO o.a.j.t.JMeterThread: Thread finished: BG_test 1-11
2017-08-09 11:57:53,159 INFO o.a.j.t.JMeterThread: Stopping because end time detected by thread: BG_test 1-17
2017-08-09 11:57:53,159 INFO o.a.j.t.JMeterThread: Thread finished: BG_test 1-17
2017-08-09 11:57:53,164 INFO o.a.j.t.JMeterThread: Stopping because end time detected by thread: BG_test 1-14
2017-08-09 11:57:53,164 INFO o.a.j.t.JMeterThread: Thread finished: BG_test 1-14
2017-08-09 11:57:53,171 INFO o.a.j.t.JMeterThread: Stopping because end time detected by thread: BG_test 1-40
2017-08-09 11:57:53,171 INFO o.a.j.t.JMeterThread: Thread finished: BG_test 1-40
2017-08-09 11:57:53,185 INFO o.a.j.t.JMeterThread: Stopping because end time detected by thread: BG_test 1-48
2017-08-09 11:57:53,185 INFO o.a.j.t.JMeterThread: Thread finished: BG_test 1-48
2017-08-09 11:57:53,199 INFO o.a.j.t.JMeterThread: Stopping because end time detected by thread: BG_test 1-92
2017-08-09 11:57:53,199 INFO o.a.j.t.JMeterThread: Thread finished: BG_test 1-92
2017-08-09 11:57:53,208 INFO o.a.j.t.JMeterThread: Stopping because end time detected by thread: BG_test 1-68
2017-08-09 11:57:53,208 INFO o.a.j.t.JMeterThread: Thread finished: BG_test 1-68
2017-08-09 11:57:53,225 INFO o.a.j.t.JMeterThread: Stopping because end time detected by thread: BG_test 1-70
2017-08-09 11:57:53,225 INFO o.a.j.t.JMeterThread: Thread finished: BG_test 1-70
2017-08-09 11:57:53,339 INFO o.a.j.t.JMeterThread: Stopping because end time detected by thread: BG_test 1-47
2017-08-09 11:57:53,340 INFO o.a.j.t.JMeterThread: Thread finished: BG_test 1-47
2017-08-09 11:57:53,340 INFO o.a.j.t.JMeterThread: Stopping because end time detected by thread: BG_test 1-37
2017-08-09 11:57:53,340 INFO o.a.j.t.JMeterThread: Thread finished: BG_test 1-37
2017-08-09 11:57:53,340 INFO o.a.j.t.JMeterThread: Stopping because end time detected by thread: BG_test 1-60
2017-08-09 11:57:53,340 INFO o.a.j.t.JMeterThread: Thread finished: BG_test 1-60
2017-08-09 11:57:53,341 INFO o.a.j.t.JMeterThread: Stopping because end time detected by thread: BG_test 1-50
2017-08-09 11:57:53,341 INFO o.a.j.t.JMeterThread: Thread finished: BG_test 1-50
2017-08-09 11:57:53,342 INFO o.a.j.t.JMeterThread: Stopping because end time detected by thread: BG_test 1-65
2017-08-09 11:57:53,342 INFO o.a.j.t.JMeterThread: Thread finished: BG_test 1-65
2017-08-09 11:57:53,364 INFO o.a.j.t.JMeterThread: Stopping because end time detected by thread: BG_test 1-55
2017-08-09 11:57:53,364 INFO o.a.j.t.JMeterThread: Thread finished: BG_test 1-55
2017-08-09 11:57:53,364 INFO o.a.j.t.JMeterThread: Stopping because end time detected by thread: BG_test 1-5
2017-08-09 11:57:53,364 INFO o.a.j.t.JMeterThread: Thread finished: BG_test 1-5
2017-08-09 11:57:53,365 INFO o.a.j.t.JMeterThread: Stopping because end time detected by thread: BG_test 1-31
2017-08-09 11:57:53,365 INFO o.a.j.t.JMeterThread: Thread finished: BG_test 1-31
2017-08-09 11:57:53,364 INFO o.a.j.t.JMeterThread: Stopping because end time detected by thread: BG_test 1-32
2017-08-09 11:57:53,364 INFO o.a.j.t.JMeterThread: Stopping because end time detected by thread: BG_test 1-54
2017-08-09 11:57:53,366 INFO o.a.j.t.JMeterThread: Thread finished: BG_test 1-32
2017-08-09 11:57:53,366 INFO o.a.j.t.JMeterThread: Thread finished: BG_test 1-54
2017-08-09 11:57:53,370 INFO o.a.j.t.JMeterThread: Stopping because end time detected by thread: BG_test 1-20
2017-08-09 11:57:53,370 INFO o.a.j.t.JMeterThread: Thread finished: BG_test 1-20
2017-08-09 11:57:53,375 INFO o.a.j.t.JMeterThread: Stopping because end time detected by thread: BG_test 1-83
2017-08-09 11:57:53,375 INFO o.a.j.t.JMeterThread: Thread finished: BG_test 1-83
2017-08-09 11:57:53,375 INFO o.a.j.t.JMeterThread: Stopping because end time detected by thread: BG_test 1-77
2017-08-09 11:57:53,375 INFO o.a.j.t.JMeterThread: Thread finished: BG_test 1-77
2017-08-09 11:57:53,377 INFO o.a.j.t.JMeterThread: Stopping because end time detected by thread: BG_test 1-30
2017-08-09 11:57:53,377 INFO o.a.j.t.JMeterThread: Thread finished: BG_test 1-30
2017-08-09 11:57:53,380 INFO o.a.j.t.JMeterThread: Stopping because end time detected by thread: BG_test 1-58
2017-08-09 11:57:53,380 INFO o.a.j.t.JMeterThread: Thread finished: BG_test 1-58
2017-08-09 11:57:53,386 INFO o.a.j.t.JMeterThread: Stopping because end time detected by thread: BG_test 1-35
2017-08-09 11:57:53,386 INFO o.a.j.t.JMeterThread: Stopping because end time detected by thread: BG_test 1-1
2017-08-09 11:57:53,386 INFO o.a.j.t.JMeterThread: Thread finished: BG_test 1-35
2017-08-09 11:57:53,386 INFO o.a.j.t.JMeterThread: Stopping because end time detected by thread: BG_test 1-69
2017-08-09 11:57:53,386 INFO o.a.j.t.JMeterThread: Thread finished: BG_test 1-69
2017-08-09 11:57:53,387 INFO o.a.j.t.JMeterThread: Stopping because end time detected by thread: BG_test 1-21
2017-08-09 11:57:53,387 INFO o.a.j.t.JMeterThread: Thread finished: BG_test 1-21
2017-08-09 11:57:53,389 INFO o.a.j.t.JMeterThread: Stopping because end time detected by thread: BG_test 1-52
2017-08-09 11:57:53,389 INFO o.a.j.t.JMeterThread: Thread finished: BG_test 1-52
2017-08-09 11:57:53,389 INFO o.a.j.t.JMeterThread: Thread finished: BG_test 1-1
2017-08-09 11:57:53,390 INFO o.a.j.t.JMeterThread: Stopping because end time detected by thread: BG_test 1-45
2017-08-09 11:57:53,390 INFO o.a.j.t.JMeterThread: Thread finished: BG_test 1-45
2017-08-09 11:57:53,386 INFO o.a.j.t.JMeterThread: Stopping because end time detected by thread: BG_test 1-61
2017-08-09 11:57:53,391 INFO o.a.j.t.JMeterThread: Thread finished: BG_test 1-61
2017-08-09 11:57:53,391 INFO o.a.j.t.JMeterThread: Stopping because end time detected by thread: BG_test 1-62
2017-08-09 11:57:53,393 INFO o.a.j.t.JMeterThread: Thread finished: BG_test 1-62
2017-08-09 11:57:53,407 INFO o.a.j.t.JMeterThread: Stopping because end time detected by thread: BG_test 1-97
2017-08-09 11:57:53,408 INFO o.a.j.t.JMeterThread: Thread finished: BG_test 1-97
2017-08-09 11:57:53,434 INFO o.a.j.t.JMeterThread: Stopping because end time detected by thread: BG_test 1-13
2017-08-09 11:57:53,434 INFO o.a.j.t.JMeterThread: Thread finished: BG_test 1-13
2017-08-09 11:57:53,434 INFO o.a.j.t.JMeterThread: Stopping because end time detected by thread: BG_test 1-42
2017-08-09 11:57:53,435 INFO o.a.j.t.JMeterThread: Thread finished: BG_test 1-42
2017-08-09 11:57:53,549 INFO o.a.j.t.JMeterThread: Stopping because end time detected by thread: BG_test 1-41
2017-08-09 11:57:53,550 INFO o.a.j.t.JMeterThread: Thread finished: BG_test 1-41
2017-08-09 11:57:53,550 INFO o.a.j.e.StandardJMeterEngine: Notifying test listeners of end of test
2017-08-09 11:57:53,550 INFO o.a.j.g.u.JMeterMenuBar: setRunning(false, *local*)
